2026-03-21 12:06:58,557 [INFO] Scheduler started - polling every 300s
2026-03-21 12:06:58,557 [INFO] Background scheduler launched.
2026-03-21 12:07:44,193 [INFO] Update cycle started
2026-03-21 12:07:48,722 [INFO] Update cycle started
2026-03-21 12:07:48,961 [INFO] Update cycle started
2026-03-21 12:08:20,523 [INFO] New data detected - running pipeline...
2026-03-21 12:08:43,539 [INFO] New data detected - running pipeline...
2026-03-21 12:08:48,966 [INFO] New data detected - running pipeline...
2026-03-21 12:08:56,284 [INFO] Cycle complete: Data updated. Model retained (performance OK).
2026-03-21 12:09:05,298 [INFO] Cycle complete: Data updated. Model retained (performance OK).
2026-03-21 12:09:27,892 [INFO] Cycle complete: Data updated. Model retained (performance OK).
2026-03-21 12:11:58,575 [INFO] Update cycle started
2026-03-21 12:12:22,536 [INFO] No new data detected.
2026-03-21 12:17:22,550 [INFO] Update cycle started
2026-03-21 12:18:10,932 [INFO] No new data detected.
2026-03-21 12:23:10,950 [INFO] Update cycle started
2026-03-21 12:23:39,483 [INFO] No new data detected.
2026-03-21 12:28:39,504 [INFO] Update cycle started
2026-03-21 12:28:57,696 [INFO] No new data detected.
2026-03-21 12:33:57,703 [INFO] Update cycle started
2026-03-21 12:34:09,906 [INFO] No new data detected.
2026-03-21 12:36:31,888 [INFO] Scheduler started - polling every 300s
2026-03-21 12:36:31,888 [INFO] Background scheduler launched.
2026-03-21 12:39:09,924 [INFO] Update cycle started
2026-03-21 12:39:20,799 [INFO] No new data detected.
2026-03-21 12:41:31,901 [INFO] Update cycle started
2026-03-21 12:43:10,121 [INFO] No new data detected.
2026-03-21 12:44:20,816 [INFO] Update cycle started
2026-03-21 12:45:35,814 [INFO] No new data detected.
2026-03-21 12:48:10,139 [INFO] Update cycle started
2026-03-21 12:48:35,678 [INFO] No new data detected.
2026-03-21 12:50:35,819 [INFO] Update cycle started
2026-03-21 12:51:02,723 [INFO] No new data detected.
2026-03-21 12:53:35,690 [INFO] Update cycle started
2026-03-21 12:54:31,460 [INFO] No new data detected.
2026-03-21 12:56:02,739 [INFO] Update cycle started
2026-03-21 12:57:22,054 [INFO] No new data detected.
2026-03-21 12:59:31,463 [INFO] Update cycle started
2026-03-21 13:00:26,275 [INFO] No new data detected.
2026-03-21 13:02:22,070 [INFO] Update cycle started
2026-03-21 13:02:55,476 [INFO] No new data detected.
2026-03-21 13:05:26,289 [INFO] Update cycle started
2026-03-21 13:05:50,319 [INFO] No new data detected.
2026-03-21 13:07:55,490 [INFO] Update cycle started
2026-03-21 13:08:17,445 [INFO] No new data detected.
2026-03-21 13:10:50,333 [INFO] Update cycle started
2026-03-21 13:11:54,953 [INFO] New data detected - running pipeline...
2026-03-21 13:12:27,343 [INFO] Cycle complete: Data updated. Model retained (performance OK).
2026-03-21 13:13:17,452 [INFO] Update cycle started
2026-03-21 13:14:18,051 [INFO] No new data detected.
2026-03-21 13:17:27,351 [INFO] Update cycle started
2026-03-21 13:17:45,516 [INFO] No new data detected.
2026-03-21 13:19:18,063 [INFO] Update cycle started
2026-03-21 13:20:35,374 [INFO] No new data detected.
2026-03-21 13:22:45,521 [INFO] Update cycle started
2026-03-21 13:23:38,420 [INFO] No new data detected.
2026-03-21 13:25:35,388 [INFO] Update cycle started
2026-03-21 13:26:31,338 [INFO] No new data detected.
2026-03-21 13:28:38,431 [INFO] Update cycle started
2026-03-21 13:28:51,548 [INFO] No new data detected.
2026-03-21 13:31:31,346 [INFO] Update cycle started
2026-03-21 13:32:14,397 [INFO] No new data detected.
2026-03-21 13:33:51,554 [INFO] Update cycle started
2026-03-21 13:34:26,652 [INFO] No new data detected.
2026-03-21 13:37:14,404 [INFO] Update cycle started
2026-03-21 13:37:36,663 [INFO] No new data detected.
2026-03-21 13:39:26,661 [INFO] Update cycle started
2026-03-21 13:39:50,496 [INFO] No new data detected.
2026-03-21 13:42:36,667 [INFO] Update cycle started
2026-03-21 13:42:48,153 [INFO] No new data detected.
2026-03-21 13:44:50,504 [INFO] Update cycle started
2026-03-21 13:45:15,324 [INFO] No new data detected.
2026-03-21 13:47:48,161 [INFO] Update cycle started
2026-03-21 13:48:19,044 [INFO] No new data detected.
2026-03-21 13:50:15,342 [INFO] Update cycle started
2026-03-21 13:51:02,312 [INFO] No new data detected.
2026-03-21 13:53:19,053 [INFO] Update cycle started
2026-03-21 13:54:25,269 [INFO] No new data detected.
2026-03-21 13:56:02,319 [INFO] Update cycle started
2026-03-21 13:56:50,344 [INFO] No new data detected.
2026-03-21 13:59:25,280 [INFO] Update cycle started
2026-03-21 13:59:55,400 [INFO] No new data detected.
2026-03-21 14:01:50,356 [INFO] Update cycle started
2026-03-21 14:02:31,879 [INFO] No new data detected.
2026-03-21 14:04:55,414 [INFO] Update cycle started
2026-03-21 14:05:33,482 [INFO] No new data detected.
2026-03-21 14:07:31,887 [INFO] Update cycle started
2026-03-21 14:08:09,662 [INFO] No new data detected.
2026-03-21 14:10:33,491 [INFO] Update cycle started
2026-03-21 14:10:54,206 [INFO] No new data detected.
2026-03-21 14:13:09,668 [INFO] Update cycle started
2026-03-21 14:13:57,453 [INFO] No new data detected.
2026-03-21 14:15:54,215 [INFO] Update cycle started
2026-03-21 14:16:13,198 [INFO] New data detected - running pipeline...
2026-03-21 14:17:00,541 [INFO] Cycle complete: Data updated. Model retained (performance OK).
2026-03-21 14:18:57,470 [INFO] Update cycle started
2026-03-21 14:19:41,779 [INFO] No new data detected.
2026-03-21 14:22:00,558 [INFO] Update cycle started
2026-03-21 14:23:35,608 [INFO] No new data detected.
2026-03-21 14:24:41,784 [INFO] Update cycle started
2026-03-21 14:25:16,354 [INFO] No new data detected.
2026-03-21 14:28:35,614 [INFO] Update cycle started
2026-03-21 14:28:51,741 [INFO] No new data detected.
2026-03-21 14:30:16,367 [INFO] Update cycle started
2026-03-21 14:31:08,453 [INFO] No new data detected.
2026-03-21 14:33:51,755 [INFO] Update cycle started
2026-03-21 14:34:35,841 [INFO] No new data detected.
2026-03-21 14:36:08,467 [INFO] Update cycle started
2026-03-21 14:36:44,323 [INFO] No new data detected.
2026-03-21 14:39:35,851 [INFO] Update cycle started
2026-03-21 14:40:12,834 [INFO] No new data detected.
2026-03-21 14:41:44,341 [INFO] Update cycle started
2026-03-21 14:42:21,030 [INFO] No new data detected.
2026-03-21 14:45:12,853 [INFO] Update cycle started
2026-03-21 14:45:54,511 [INFO] No new data detected.
2026-03-21 14:47:21,033 [INFO] Update cycle started
2026-03-21 14:48:09,366 [INFO] No new data detected.
2026-03-21 14:50:54,595 [INFO] Update cycle started
2026-03-21 14:51:44,167 [INFO] No new data detected.
2026-03-21 14:53:09,382 [INFO] Update cycle started
2026-03-21 14:53:24,604 [INFO] No new data detected.
2026-03-21 14:56:44,176 [INFO] Update cycle started
2026-03-21 14:57:15,858 [INFO] No new data detected.
2026-03-21 14:58:24,622 [INFO] Update cycle started
2026-03-21 14:58:41,942 [INFO] No new data detected.
2026-03-21 15:02:15,871 [INFO] Update cycle started
2026-03-21 15:02:46,564 [INFO] No new data detected.
2026-03-21 15:03:41,960 [INFO] Update cycle started
2026-03-21 15:03:54,209 [INFO] No new data detected.
2026-03-21 15:07:46,575 [INFO] Update cycle started
2026-03-21 15:08:01,751 [INFO] No new data detected.
2026-03-21 15:08:54,230 [INFO] Update cycle started
2026-03-21 15:09:22,602 [INFO] No new data detected.
2026-03-21 15:13:01,763 [INFO] Update cycle started
2026-03-21 15:13:10,680 [INFO] No new data detected.
2026-03-21 15:14:22,610 [INFO] Update cycle started
2026-03-21 15:14:56,798 [INFO] No new data detected.
2026-03-21 15:18:10,700 [INFO] Update cycle started
2026-03-21 15:18:38,256 [INFO] No new data detected.
2026-03-21 15:19:56,813 [INFO] Update cycle started
2026-03-21 15:20:28,423 [INFO] No new data detected.
2026-03-21 15:23:38,274 [INFO] Update cycle started
2026-03-21 15:24:41,701 [INFO] No new data detected.
2026-03-21 15:25:28,435 [INFO] Update cycle started
2026-03-21 15:25:50,577 [INFO] No new data detected.
2026-03-21 15:29:41,707 [INFO] Update cycle started
2026-03-21 15:30:17,016 [INFO] New data detected - running pipeline...
2026-03-21 15:30:48,929 [INFO] Cycle complete: Data updated. Model retained (performance OK).
2026-03-21 15:30:50,595 [INFO] Update cycle started
2026-03-21 15:31:16,066 [INFO] No new data detected.
2026-03-21 15:35:48,934 [INFO] Update cycle started
2026-03-21 15:35:57,444 [INFO] No new data detected.
2026-03-21 15:36:16,075 [INFO] Update cycle started
2026-03-21 15:36:36,590 [INFO] No new data detected.
2026-03-21 15:40:57,455 [INFO] Update cycle started
2026-03-21 15:41:35,900 [INFO] No new data detected.
2026-03-21 15:41:36,602 [INFO] Update cycle started
2026-03-21 15:42:16,587 [INFO] No new data detected.
2026-03-21 15:46:35,918 [INFO] Update cycle started
2026-03-21 15:47:16,604 [INFO] Update cycle started
2026-03-21 15:47:22,065 [INFO] No new data detected.
2026-03-21 15:47:30,267 [INFO] No new data detected.
2026-03-21 15:52:22,072 [INFO] Update cycle started
2026-03-21 15:52:30,282 [INFO] Update cycle started
2026-03-21 15:52:30,905 [INFO] No new data detected.
2026-03-21 15:52:39,719 [INFO] No new data detected.
2026-03-21 15:57:30,911 [INFO] Update cycle started
2026-03-21 15:57:39,727 [INFO] Update cycle started
2026-03-21 15:57:49,313 [INFO] No new data detected.
2026-03-21 15:57:53,553 [INFO] No new data detected.
2026-03-21 16:02:49,321 [INFO] Update cycle started
2026-03-21 16:02:53,564 [INFO] Update cycle started
2026-03-21 16:02:58,616 [INFO] No new data detected.
2026-03-21 16:03:11,934 [INFO] No new data detected.
2026-03-21 16:07:58,628 [INFO] Update cycle started
2026-03-21 16:08:11,942 [INFO] Update cycle started
2026-03-21 16:08:27,432 [INFO] No new data detected.
2026-03-21 16:08:35,650 [INFO] No new data detected.
2026-03-21 16:13:27,446 [INFO] Update cycle started
2026-03-21 16:13:35,667 [INFO] Update cycle started
2026-03-21 16:15:51,110 [INFO] No new data detected.
2026-03-21 16:16:00,629 [INFO] No new data detected.
2026-03-21 16:20:51,122 [INFO] Update cycle started
2026-03-21 16:20:58,415 [WARNING] Hash check failed: ('Connection aborted.', ConnectionResetError(10054, 'An existing connection was forcibly closed by the remote host', None, 10054, None))
2026-03-21 16:20:58,418 [INFO] No new data detected.
2026-03-21 16:21:00,643 [INFO] Update cycle started
2026-03-21 16:21:33,628 [INFO] No new data detected.
2026-03-21 16:25:58,429 [INFO] Update cycle started
2026-03-21 16:26:11,901 [INFO] No new data detected.
2026-03-21 16:26:33,634 [INFO] Update cycle started
2026-03-21 16:26:50,375 [INFO] No new data detected.
2026-03-21 16:31:11,910 [INFO] Update cycle started
2026-03-21 16:31:50,385 [INFO] Update cycle started
2026-03-21 16:32:08,144 [INFO] No new data detected.
2026-03-21 16:32:22,371 [INFO] No new data detected.
2026-03-21 16:37:08,156 [INFO] Update cycle started
2026-03-21 16:37:22,377 [INFO] Update cycle started
2026-03-21 16:37:40,643 [INFO] No new data detected.
2026-03-21 16:38:13,627 [INFO] No new data detected.
2026-03-21 16:42:40,656 [INFO] Update cycle started
2026-03-21 16:43:07,895 [WARNING] Hash check failed: ('Connection broken: IncompleteRead(3951817 bytes read, 1656549 more expected)', IncompleteRead(3951817 bytes read, 1656549 more expected))
2026-03-21 16:43:07,949 [INFO] No new data detected.
2026-03-21 16:43:13,650 [INFO] Update cycle started
2026-03-21 16:43:28,347 [INFO] No new data detected.
2026-03-21 16:48:08,006 [INFO] Update cycle started
2026-03-21 16:48:16,356 [INFO] No new data detected.
2026-03-21 16:48:28,352 [INFO] Update cycle started
2026-03-21 16:48:36,087 [INFO] No new data detected.
2026-03-21 16:53:16,363 [INFO] Update cycle started
2026-03-21 16:53:36,095 [INFO] Update cycle started
2026-03-21 16:53:39,441 [WARNING] Hash check failed: ('Connection broken: IncompleteRead(4709933 bytes read, 898433 more expected)', IncompleteRead(4709933 bytes read, 898433 more expected))
2026-03-21 16:53:39,465 [WARNING] Hash check failed: ('Connection broken: IncompleteRead(1218761 bytes read, 4389605 more expected)', IncompleteRead(1218761 bytes read, 4389605 more expected))
2026-03-21 16:53:39,494 [INFO] No new data detected.
2026-03-21 16:53:39,520 [INFO] No new data detected.
2026-03-21 16:58:39,508 [INFO] Update cycle started
2026-03-21 16:58:39,524 [INFO] Update cycle started
2026-03-21 16:59:15,923 [INFO] No new data detected.
2026-03-21 16:59:44,100 [INFO] No new data detected.
2026-03-21 17:04:15,931 [INFO] Update cycle started
2026-03-21 17:04:44,104 [INFO] Update cycle started
2026-03-21 17:04:58,996 [INFO] No new data detected.
2026-03-21 17:05:36,586 [INFO] No new data detected.
2026-03-21 17:09:59,007 [INFO] Update cycle started
2026-03-21 17:10:36,593 [INFO] Update cycle started
2026-03-21 17:10:46,723 [INFO] No new data detected.
2026-03-21 17:10:56,776 [INFO] No new data detected.
2026-03-21 17:15:46,727 [INFO] Update cycle started
2026-03-21 17:15:56,791 [INFO] Update cycle started
2026-03-21 17:17:08,971 [INFO] No new data detected.
2026-03-21 17:17:11,293 [INFO] No new data detected.
2026-03-21 17:22:08,980 [INFO] Update cycle started
2026-03-21 17:22:11,301 [INFO] Update cycle started
2026-03-21 17:22:30,724 [INFO] No new data detected.
2026-03-21 17:22:38,592 [INFO] No new data detected.
2026-03-21 17:27:30,733 [INFO] Update cycle started
2026-03-21 17:27:38,608 [INFO] Update cycle started
2026-03-21 17:27:44,469 [INFO] No new data detected.
2026-03-21 17:28:05,476 [INFO] No new data detected.
2026-03-21 17:32:44,482 [INFO] Update cycle started
2026-03-21 17:33:05,489 [INFO] Update cycle started
2026-03-21 17:33:38,101 [INFO] No new data detected.
2026-03-21 17:33:54,192 [INFO] No new data detected.
2026-03-21 17:38:38,116 [INFO] Update cycle started
2026-03-21 17:38:48,380 [INFO] No new data detected.
2026-03-21 17:38:54,205 [INFO] Update cycle started
2026-03-21 17:39:07,341 [INFO] No new data detected.
2026-03-21 17:43:48,393 [INFO] Update cycle started
2026-03-21 17:44:04,181 [INFO] No new data detected.
2026-03-21 17:44:07,349 [INFO] Update cycle started
2026-03-21 17:44:15,033 [INFO] No new data detected.
2026-03-21 17:49:04,190 [INFO] Update cycle started
2026-03-21 17:49:12,467 [INFO] No new data detected.
2026-03-21 17:49:15,039 [INFO] Update cycle started
2026-03-21 17:49:22,532 [INFO] No new data detected.
2026-03-21 17:54:12,482 [INFO] Update cycle started
2026-03-21 17:54:22,544 [INFO] Update cycle started
2026-03-21 17:54:30,172 [INFO] No new data detected.
2026-03-21 17:54:34,679 [INFO] No new data detected.
2026-03-21 17:59:30,178 [INFO] Update cycle started
2026-03-21 17:59:34,686 [INFO] Update cycle started
2026-03-21 17:59:53,499 [INFO] No new data detected.
2026-03-21 18:00:06,014 [INFO] No new data detected.
2026-03-21 18:04:53,500 [INFO] Update cycle started
2026-03-21 18:05:01,485 [INFO] No new data detected.
2026-03-21 18:05:06,021 [INFO] Update cycle started
2026-03-21 18:05:14,513 [INFO] No new data detected.
2026-03-21 18:10:01,488 [INFO] Update cycle started
2026-03-21 18:10:14,516 [INFO] Update cycle started
2026-03-21 18:10:41,101 [INFO] No new data detected.
2026-03-21 18:10:51,437 [INFO] No new data detected.
2026-03-21 18:15:41,104 [INFO] Update cycle started
2026-03-21 18:15:51,452 [INFO] Update cycle started
2026-03-21 18:16:09,004 [INFO] No new data detected.
2026-03-21 18:16:39,656 [INFO] No new data detected.
2026-03-21 18:21:09,010 [INFO] Update cycle started
2026-03-21 18:21:18,098 [INFO] No new data detected.
2026-03-21 18:21:39,705 [INFO] Update cycle started
2026-03-21 18:21:47,631 [INFO] No new data detected.
2026-03-21 18:26:18,103 [INFO] Update cycle started
2026-03-21 18:26:36,590 [INFO] No new data detected.
2026-03-21 18:26:47,646 [INFO] Update cycle started
2026-03-21 18:27:13,767 [INFO] No new data detected.
2026-03-21 18:31:36,638 [INFO] Update cycle started
2026-03-21 18:32:13,793 [INFO] Update cycle started
2026-03-21 18:32:25,986 [INFO] No new data detected.
2026-03-21 18:32:45,333 [INFO] No new data detected.
2026-03-21 18:37:25,988 [INFO] Update cycle started
2026-03-21 18:37:33,574 [INFO] No new data detected.
2026-03-21 18:37:45,339 [INFO] Update cycle started
2026-03-21 18:37:53,035 [INFO] No new data detected.
2026-03-21 18:42:33,590 [INFO] Update cycle started
2026-03-21 18:42:53,044 [INFO] Update cycle started
2026-03-21 18:43:38,993 [INFO] No new data detected.
2026-03-21 18:43:43,969 [INFO] No new data detected.
2026-03-21 18:48:39,005 [INFO] Update cycle started
2026-03-21 18:48:43,971 [INFO] Update cycle started
2026-03-21 18:48:47,236 [INFO] No new data detected.
2026-03-21 18:48:56,699 [INFO] No new data detected.
2026-03-21 18:53:47,247 [INFO] Update cycle started
2026-03-21 18:53:56,704 [INFO] Update cycle started
2026-03-21 18:55:16,364 [INFO] No new data detected.
2026-03-21 18:55:29,703 [INFO] No new data detected.
2026-03-21 19:00:16,379 [INFO] Update cycle started
2026-03-21 19:00:29,707 [INFO] Update cycle started
2026-03-21 19:00:59,685 [INFO] No new data detected.
2026-03-21 19:00:59,949 [INFO] No new data detected.
2026-03-21 19:05:59,690 [INFO] Update cycle started
2026-03-21 19:05:59,966 [INFO] Update cycle started
2026-03-21 19:06:26,690 [INFO] No new data detected.
2026-03-21 19:06:29,837 [INFO] No new data detected.
2026-03-21 19:11:26,707 [INFO] Update cycle started
2026-03-21 19:11:29,847 [INFO] Update cycle started
2026-03-21 19:11:37,517 [INFO] No new data detected.
2026-03-21 19:13:06,932 [INFO] No new data detected.
2026-03-21 19:16:37,534 [INFO] Update cycle started
2026-03-21 19:17:16,496 [INFO] No new data detected.
2026-03-21 19:18:06,945 [INFO] Update cycle started
2026-03-21 19:19:05,143 [INFO] No new data detected.
2026-03-21 19:22:16,509 [INFO] Update cycle started
2026-03-21 19:22:57,815 [INFO] No new data detected.
2026-03-21 19:24:05,153 [INFO] Update cycle started
2026-03-21 19:25:36,142 [INFO] No new data detected.
2026-03-21 19:27:57,828 [INFO] Update cycle started
2026-03-21 19:30:11,132 [INFO] No new data detected.
2026-03-21 19:30:36,173 [INFO] Update cycle started
2026-03-21 19:32:18,395 [INFO] No new data detected.
2026-03-21 19:35:11,148 [INFO] Update cycle started
2026-03-21 19:36:18,755 [INFO] No new data detected.
2026-03-21 19:37:18,413 [INFO] Update cycle started
2026-03-21 19:39:40,298 [INFO] No new data detected.
2026-03-21 19:41:18,781 [INFO] Update cycle started
2026-03-21 19:42:27,816 [INFO] No new data detected.
2026-03-21 19:44:40,307 [INFO] Update cycle started
2026-03-21 19:45:34,509 [INFO] No new data detected.
2026-03-21 19:47:27,833 [INFO] Update cycle started
2026-03-21 19:49:19,220 [INFO] No new data detected.
2026-03-21 19:50:34,522 [INFO] Update cycle started
2026-03-21 19:51:08,267 [INFO] No new data detected.
2026-03-21 19:54:19,242 [INFO] Update cycle started
2026-03-21 19:56:08,277 [INFO] Update cycle started
2026-03-21 19:56:48,042 [INFO] No new data detected.
2026-03-21 19:56:51,601 [WARNING] Hash check failed: HTTPSConnectionPool(host='s3-eu-west-1.amazonaws.com', port=443): Read timed out.
2026-03-21 19:56:51,611 [INFO] No new data detected.
2026-03-21 20:01:48,071 [INFO] Update cycle started
2026-03-21 20:01:51,630 [INFO] Update cycle started
2026-03-21 20:02:04,757 [INFO] No new data detected.
2026-03-21 20:02:17,274 [INFO] No new data detected.
2026-03-21 20:07:04,773 [INFO] Update cycle started
2026-03-21 20:07:17,296 [INFO] Update cycle started
2026-03-21 20:08:06,009 [INFO] No new data detected.
2026-03-21 20:09:09,844 [INFO] No new data detected.
2026-03-21 20:13:06,026 [INFO] Update cycle started
2026-03-21 20:13:55,659 [INFO] No new data detected.
2026-03-21 20:14:09,856 [INFO] Update cycle started
2026-03-21 20:15:09,419 [INFO] No new data detected.
2026-03-21 20:18:56,052 [INFO] Update cycle started
2026-03-21 20:19:54,610 [INFO] No new data detected.
2026-03-21 20:20:09,461 [INFO] Update cycle started
2026-03-21 20:21:13,333 [INFO] No new data detected.
2026-03-21 20:24:54,629 [INFO] Update cycle started
2026-03-21 20:25:44,230 [INFO] No new data detected.
2026-03-21 20:26:13,340 [INFO] Update cycle started
2026-03-21 20:26:38,549 [INFO] No new data detected.
2026-03-21 20:30:44,248 [INFO] Update cycle started
2026-03-21 20:31:38,640 [INFO] Update cycle started
2026-03-21 20:32:10,810 [INFO] No new data detected.
2026-03-21 20:32:34,382 [INFO] No new data detected.
2026-03-21 20:37:10,821 [INFO] Update cycle started
2026-03-21 20:37:34,395 [INFO] Update cycle started
2026-03-21 20:38:29,064 [INFO] New data detected - running pipeline...
2026-03-21 20:39:03,769 [INFO] New data detected - running pipeline...
2026-03-21 20:40:04,762 [INFO] Cycle complete: Data updated. Model retained (performance OK).
2026-03-21 20:41:05,758 [INFO] Cycle complete: Data updated. Model retained (performance OK).
2026-03-21 20:45:04,771 [INFO] Update cycle started
2026-03-21 20:46:05,763 [INFO] Update cycle started
2026-03-21 20:47:15,227 [INFO] No new data detected.
2026-03-21 20:47:37,216 [INFO] No new data detected.
2026-03-21 20:52:15,241 [INFO] Update cycle started
2026-03-21 20:52:37,220 [INFO] Update cycle started
2026-03-21 20:54:02,871 [INFO] No new data detected.
2026-03-21 20:54:26,014 [INFO] No new data detected.
2026-03-21 20:59:02,910 [INFO] Update cycle started
2026-03-21 20:59:26,027 [INFO] Update cycle started
2026-03-21 21:01:16,478 [INFO] No new data detected.
2026-03-21 21:01:23,095 [INFO] No new data detected.
2026-03-21 21:06:16,494 [INFO] Update cycle started
2026-03-21 21:06:23,108 [INFO] Update cycle started
2026-03-21 21:08:42,399 [INFO] No new data detected.
2026-03-21 21:08:47,901 [INFO] No new data detected.
2026-03-21 21:13:42,417 [INFO] Update cycle started
2026-03-21 21:13:47,924 [INFO] Update cycle started
2026-03-21 21:17:32,456 [INFO] No new data detected.
2026-03-21 21:17:44,011 [INFO] No new data detected.
2026-03-21 21:22:32,475 [INFO] Update cycle started
2026-03-21 21:22:44,026 [INFO] Update cycle started
2026-03-21 21:25:03,650 [INFO] No new data detected.
2026-03-21 21:25:24,542 [INFO] No new data detected.
2026-03-21 21:30:03,655 [INFO] Update cycle started
2026-03-21 21:30:24,559 [INFO] Update cycle started
2026-03-21 21:31:57,177 [INFO] No new data detected.
2026-03-21 21:32:00,452 [INFO] No new data detected.
2026-03-21 21:36:57,191 [INFO] Update cycle started
2026-03-21 21:37:00,474 [INFO] Update cycle started
2026-03-21 21:39:09,943 [INFO] No new data detected.
2026-03-21 21:39:59,221 [INFO] No new data detected.
2026-03-21 21:44:09,953 [INFO] Update cycle started
2026-03-21 21:44:59,230 [INFO] Update cycle started
2026-03-21 21:46:21,638 [INFO] New data detected - running pipeline...
2026-03-21 21:46:24,825 [INFO] New data detected - running pipeline...
2026-03-21 21:48:34,756 [INFO] Cycle complete: Data updated. Model retained (performance OK).
2026-03-21 21:48:50,180 [INFO] Cycle complete: Data updated. Model retained (performance OK).
2026-03-21 21:53:34,763 [INFO] Update cycle started
2026-03-21 21:53:50,193 [INFO] Update cycle started
2026-03-21 21:55:14,547 [INFO] No new data detected.
2026-03-21 21:55:49,690 [INFO] No new data detected.
2026-03-21 22:00:14,551 [INFO] Update cycle started
2026-03-21 22:00:49,700 [INFO] Update cycle started
2026-03-21 22:03:28,109 [INFO] No new data detected.
2026-03-21 22:03:47,584 [INFO] No new data detected.
2026-03-21 22:08:28,127 [INFO] Update cycle started
2026-03-21 22:08:47,593 [INFO] Update cycle started
2026-03-21 22:09:28,673 [INFO] No new data detected.
2026-03-21 22:09:55,802 [INFO] No new data detected.
2026-03-21 22:14:28,687 [INFO] Update cycle started
2026-03-21 22:14:55,812 [INFO] Update cycle started
2026-03-21 22:15:33,071 [INFO] No new data detected.
2026-03-21 22:15:41,945 [INFO] No new data detected.
2026-03-21 22:20:33,076 [INFO] Update cycle started
2026-03-21 22:20:41,961 [INFO] Update cycle started
2026-03-21 22:21:13,347 [INFO] No new data detected.
2026-03-21 22:21:24,433 [INFO] No new data detected.
2026-03-21 22:26:13,368 [INFO] Update cycle started
2026-03-21 22:26:24,440 [INFO] Update cycle started
2026-03-21 22:27:02,673 [INFO] No new data detected.
2026-03-21 22:27:12,553 [INFO] No new data detected.
2026-03-21 22:32:02,689 [INFO] Update cycle started
2026-03-21 22:32:12,559 [INFO] Update cycle started
2026-03-21 22:32:24,306 [INFO] No new data detected.
2026-03-21 22:33:10,335 [INFO] No new data detected.
2026-03-21 22:41:59,670 [INFO] Update cycle started
2026-03-21 22:42:45,700 [INFO] Update cycle started
2026-03-21 22:42:51,437 [INFO] No new data detected.
2026-03-21 22:43:59,763 [INFO] No new data detected.
2026-03-21 22:47:51,446 [INFO] Update cycle started
2026-03-21 22:48:57,008 [INFO] No new data detected.
2026-03-21 22:48:59,779 [INFO] Update cycle started
2026-03-21 22:49:47,989 [INFO] No new data detected.
2026-03-21 22:53:57,026 [INFO] Update cycle started
2026-03-21 22:54:07,565 [INFO] No new data detected.
2026-03-21 22:54:47,996 [INFO] Update cycle started
2026-03-21 22:55:10,400 [INFO] No new data detected.
2026-03-21 22:59:07,581 [INFO] Update cycle started
2026-03-21 22:59:41,574 [INFO] No new data detected.
2026-03-21 23:00:10,418 [INFO] Update cycle started
2026-03-21 23:00:40,908 [INFO] No new data detected.
2026-03-21 23:04:41,585 [INFO] Update cycle started
2026-03-21 23:05:02,134 [INFO] No new data detected.
2026-03-21 23:05:40,915 [INFO] Update cycle started
2026-03-21 23:05:58,383 [INFO] No new data detected.
2026-03-21 23:10:02,193 [INFO] Update cycle started
2026-03-21 23:10:21,072 [INFO] No new data detected.
2026-03-21 23:10:58,389 [INFO] Update cycle started
2026-03-21 23:11:17,697 [INFO] No new data detected.
2026-03-21 23:15:21,085 [INFO] Update cycle started
2026-03-21 23:16:01,285 [INFO] No new data detected.
2026-03-21 23:16:17,713 [INFO] Update cycle started
2026-03-21 23:16:42,319 [INFO] No new data detected.
2026-03-21 23:21:01,291 [INFO] Update cycle started
2026-03-21 23:21:42,335 [INFO] Update cycle started
2026-03-21 23:21:58,206 [INFO] No new data detected.
2026-03-21 23:22:21,441 [INFO] No new data detected.
2026-03-21 23:26:58,219 [INFO] Update cycle started
2026-03-21 23:27:21,448 [INFO] Update cycle started
2026-03-21 23:29:07,072 [INFO] No new data detected.
2026-03-21 23:29:10,897 [INFO] No new data detected.
2026-03-21 23:34:07,085 [INFO] Update cycle started
2026-03-21 23:34:10,936 [INFO] Update cycle started
2026-03-21 23:36:10,401 [INFO] New data detected - running pipeline...
2026-03-21 23:37:15,692 [INFO] New data detected - running pipeline...
2026-03-21 23:38:08,061 [INFO] Cycle complete: Data updated. Model retained (performance OK).
2026-03-21 23:38:25,755 [INFO] Cycle complete: Data updated. Model retained (performance OK).
2026-03-21 23:43:08,064 [INFO] Update cycle started
2026-03-21 23:43:25,778 [INFO] Update cycle started
2026-03-21 23:44:59,241 [INFO] No new data detected.
2026-03-21 23:45:08,244 [INFO] No new data detected.
2026-03-21 23:49:59,256 [INFO] Update cycle started
2026-03-21 23:50:08,268 [INFO] Update cycle started
2026-03-21 23:50:27,589 [INFO] No new data detected.
2026-03-21 23:50:33,351 [INFO] No new data detected.
2026-03-21 23:55:27,599 [INFO] Update cycle started
2026-03-21 23:55:33,365 [INFO] Update cycle started
2026-03-21 23:55:51,583 [INFO] No new data detected.
2026-03-21 23:56:07,586 [INFO] No new data detected.
2026-03-22 00:00:51,596 [INFO] Update cycle started
2026-03-22 00:01:07,601 [INFO] Update cycle started
2026-03-22 00:01:19,718 [INFO] No new data detected.
2026-03-22 00:01:44,085 [INFO] No new data detected.
2026-03-22 00:06:19,732 [INFO] Update cycle started
2026-03-22 00:06:28,622 [INFO] No new data detected.
2026-03-22 00:06:44,087 [INFO] Update cycle started
2026-03-22 00:07:04,255 [INFO] No new data detected.
2026-03-22 00:11:28,634 [INFO] Update cycle started
2026-03-22 00:12:04,264 [INFO] Update cycle started
2026-03-22 00:12:32,818 [INFO] No new data detected.
2026-03-22 00:12:57,146 [INFO] No new data detected.
2026-03-22 00:17:32,829 [INFO] Update cycle started
2026-03-22 00:17:57,156 [INFO] Update cycle started
2026-03-22 00:18:49,871 [INFO] No new data detected.
2026-03-22 00:19:00,631 [INFO] No new data detected.
2026-03-22 00:23:49,876 [INFO] Update cycle started
2026-03-22 00:24:00,639 [INFO] Update cycle started
2026-03-22 00:24:38,353 [INFO] No new data detected.
2026-03-22 00:24:40,942 [INFO] No new data detected.
2026-03-22 00:29:38,363 [INFO] Update cycle started
2026-03-22 00:29:40,948 [INFO] Update cycle started
2026-03-22 00:30:00,835 [INFO] No new data detected.
2026-03-22 00:30:25,030 [INFO] No new data detected.
2026-03-22 00:35:00,844 [INFO] Update cycle started
2026-03-22 00:35:25,034 [INFO] Update cycle started
2026-03-22 00:35:53,450 [INFO] No new data detected.
2026-03-22 00:36:08,234 [INFO] No new data detected.
2026-03-22 00:40:53,467 [INFO] Update cycle started
2026-03-22 00:41:08,241 [INFO] Update cycle started
2026-03-22 00:41:16,174 [INFO] No new data detected.
2026-03-22 00:42:00,327 [INFO] No new data detected.
2026-03-22 00:46:16,190 [INFO] Update cycle started
2026-03-22 00:46:42,679 [INFO] No new data detected.
2026-03-22 00:47:00,329 [INFO] Update cycle started
2026-03-22 00:47:35,837 [INFO] No new data detected.
2026-03-22 00:51:42,693 [INFO] Update cycle started
2026-03-22 00:52:35,848 [INFO] Update cycle started
2026-03-22 00:52:44,936 [INFO] No new data detected.
2026-03-22 00:53:21,550 [INFO] No new data detected.
2026-03-22 00:57:44,948 [INFO] Update cycle started
2026-03-22 00:58:21,559 [INFO] Update cycle started
2026-03-22 01:01:11,629 [INFO] New data detected - running pipeline...
2026-03-22 01:01:45,473 [INFO] New data detected - running pipeline...
2026-03-22 01:02:27,354 [INFO] Cycle complete: Data updated. Model retained (performance OK).
2026-03-22 01:02:55,187 [INFO] Cycle complete: Data updated. Model retained (performance OK).
2026-03-22 01:07:27,367 [INFO] Update cycle started
2026-03-22 01:07:55,197 [INFO] Update cycle started
2026-03-22 01:09:04,387 [INFO] No new data detected.
2026-03-22 01:09:43,731 [INFO] No new data detected.
2026-03-22 01:14:19,685 [INFO] Update cycle started
2026-03-22 01:14:59,021 [INFO] Update cycle started
2026-03-22 01:15:52,263 [INFO] No new data detected.
2026-03-22 01:16:37,870 [INFO] No new data detected.
2026-03-22 01:20:52,267 [INFO] Update cycle started
2026-03-22 01:21:37,884 [INFO] Update cycle started
2026-03-22 01:22:09,923 [INFO] No new data detected.
2026-03-22 01:22:20,630 [INFO] No new data detected.
2026-03-22 01:27:09,947 [INFO] Update cycle started
2026-03-22 01:27:20,927 [INFO] Update cycle started
2026-03-22 01:28:04,801 [INFO] No new data detected.
2026-03-22 01:28:55,351 [INFO] No new data detected.
2026-03-22 01:33:04,807 [INFO] Update cycle started
2026-03-22 01:33:48,850 [INFO] No new data detected.
2026-03-22 01:33:55,369 [INFO] Update cycle started
2026-03-22 01:34:35,702 [INFO] No new data detected.
2026-03-22 01:38:48,854 [INFO] Update cycle started
2026-03-22 01:39:29,842 [INFO] No new data detected.
2026-03-22 01:39:35,713 [INFO] Update cycle started
2026-03-22 01:40:09,094 [INFO] No new data detected.
2026-03-22 01:44:29,851 [INFO] Update cycle started
2026-03-22 01:45:09,101 [INFO] Update cycle started
2026-03-22 01:45:51,337 [INFO] No new data detected.
2026-03-22 01:46:47,047 [INFO] No new data detected.
2026-03-22 17:22:28,338 [INFO] Update cycle started
2026-03-22 17:23:24,048 [INFO] Update cycle started
2026-03-22 17:23:43,355 [INFO] New data detected - running pipeline...
2026-03-22 17:24:07,464 [INFO] New data detected - running pipeline...
2026-03-22 17:24:30,932 [INFO] Cycle complete: Data updated. Model retained (performance OK).
2026-03-22 17:24:30,973 [INFO] Cycle complete: Data updated. Model retained (performance OK).
2026-03-22 17:29:30,940 [INFO] Update cycle started
2026-03-22 17:29:31,284 [INFO] Update cycle started
2026-03-22 17:30:33,895 [INFO] No new data detected.
2026-03-22 17:30:33,898 [INFO] No new data detected.
2026-03-22 17:35:33,916 [INFO] Update cycle started
2026-03-22 17:35:33,919 [INFO] Update cycle started
2026-03-22 17:36:16,568 [INFO] No new data detected.
2026-03-22 17:36:28,563 [INFO] No new data detected.
2026-03-22 17:41:16,575 [INFO] Update cycle started
2026-03-22 17:41:28,569 [INFO] Update cycle started
2026-03-22 17:42:12,227 [INFO] No new data detected.
2026-03-22 17:42:28,670 [INFO] No new data detected.
2026-03-22 17:47:12,315 [INFO] Update cycle started
2026-03-22 17:47:28,713 [INFO] Update cycle started
2026-03-22 17:47:49,774 [INFO] No new data detected.
2026-03-22 17:48:11,104 [INFO] No new data detected.
2026-03-22 17:52:49,784 [INFO] Update cycle started
2026-03-22 17:53:11,118 [INFO] Update cycle started
2026-03-22 17:53:41,891 [INFO] No new data detected.
2026-03-22 17:53:54,714 [INFO] No new data detected.
2026-03-22 17:58:41,901 [INFO] Update cycle started
2026-03-22 17:58:54,727 [INFO] Update cycle started
2026-03-22 17:59:23,913 [INFO] No new data detected.
2026-03-22 17:59:46,700 [INFO] No new data detected.
