2026-03-21 00:22:40 [INFO] Scheduler started — polling every 300s
2026-03-21 00:22:40 [INFO] Background scheduler launched.
2026-03-21 00:23:48 [INFO] Scheduler started — polling every 300s
2026-03-21 00:23:48 [INFO] Background scheduler launched.
2026-03-21 00:24:16 [INFO] Pipeline run started
2026-03-21 00:24:16 [INFO] Fetching: https://open.africa/dataset/44359020-b2b0-4b66-af09-3de18d6519dc/resource/d8bb7a86-fef9-4206-9616-3591daff36f1/download/tmp7ac1ezhw.csv
2026-03-21 00:25:07 [INFO] Downloaded 5,413,702 bytes
2026-03-21 00:25:07 [INFO] Detected delimiter: ';'
2026-03-21 00:25:08 [INFO] Raw shape: (76309, 8)  columns: ['sensor_id', 'sensor_type', 'location', 'lat', 'lon', 'timestamp', 'value_type', 'value']
2026-03-21 00:25:08 [INFO]   Unique value_types: ['humidity', 'temperature', 'P2', 'P1', 'P0']
2026-03-21 00:25:08 [INFO]   Unique locations:   2
2026-03-21 00:25:08 [INFO]   PM rows: 25,972   ENV rows: 17,338
2026-03-21 00:25:08 [INFO]   PM resampled: (3681, 7)   ENV resampled: (3723, 4)
2026-03-21 00:25:08 [INFO]   Wide shape: (3913, 9)
2026-03-21 00:25:08 [INFO]   Missing %%: {'pm25': 0.0, 'pm10': 0.0, 'pm1': 0.0, 'temperature': 0.0, 'humidity': 0.0}
2026-03-21 00:25:08 [INFO]   [pm25] clipped 1 out-of-range values
2026-03-21 00:25:08 [INFO]   Dropped 1 rows with no PM2.5
2026-03-21 00:25:08 [INFO]   Clean shape: (3912, 10)  spikes: 0
2026-03-21 00:25:09 [INFO] Loaded 3,913 existing records from historical_data.csv
2026-03-21 00:25:09 [WARNING]   DATA DRIFT [pm25]: KS=0.345  p=0.0000
2026-03-21 00:25:09 [WARNING]   DATA DRIFT [pm10]: KS=0.359  p=0.0000
2026-03-21 00:25:09 [WARNING]   DATA DRIFT [temperature]: KS=0.089  p=0.0017
2026-03-21 00:25:09 [WARNING]   DATA DRIFT [humidity]: KS=0.289  p=0.0000
2026-03-21 00:25:09 [INFO] Pipeline complete: {'run_time': '2026-03-20T21:25:09.517390', 'total_rows': 3913, 'new_rows': 0, 'locations': 2, 'pm25_mean': 19.49, 'pm25_std': 19.18, 'spikes': 0}
2026-03-21 00:25:09 [INFO] Cycle complete: Data updated. Model retained (performance OK).
2026-03-21 00:30:22 [INFO] No new data detected.
2026-03-21 00:32:03 [INFO] Scheduler started — polling every 300s
2026-03-21 00:32:03 [INFO] Background scheduler launched.
2026-03-21 00:32:12 [INFO] Pipeline run started
2026-03-21 00:32:12 [INFO] Fetching: https://open.africa/dataset/44359020-b2b0-4b66-af09-3de18d6519dc/resource/d8bb7a86-fef9-4206-9616-3591daff36f1/download/tmp7ac1ezhw.csv
2026-03-21 00:32:23 [INFO] Downloaded 5,413,702 bytes
2026-03-21 00:32:23 [INFO] Detected delimiter: ';'
2026-03-21 00:32:24 [INFO] Raw shape: (76309, 8)  columns: ['sensor_id', 'sensor_type', 'location', 'lat', 'lon', 'timestamp', 'value_type', 'value']
2026-03-21 00:32:24 [INFO]   Unique value_types: ['humidity', 'temperature', 'P2', 'P1', 'P0']
2026-03-21 00:32:24 [INFO]   Unique locations:   2
2026-03-21 00:32:24 [INFO]   PM rows: 25,972   ENV rows: 17,338
2026-03-21 00:32:24 [INFO]   PM resampled: (3681, 7)   ENV resampled: (3723, 4)
2026-03-21 00:32:24 [INFO]   Wide shape: (3913, 9)
2026-03-21 00:32:24 [INFO]   Missing %%: {'pm25': 0.0, 'pm10': 0.0, 'pm1': 0.0, 'temperature': 0.0, 'humidity': 0.0}
2026-03-21 00:32:24 [INFO]   [pm25] clipped 1 out-of-range values
2026-03-21 00:32:24 [INFO]   Dropped 1 rows with no PM2.5
2026-03-21 00:32:24 [INFO]   Clean shape: (3912, 10)  spikes: 0
2026-03-21 00:32:24 [INFO] Loaded 3,913 existing records from historical_data.csv
2026-03-21 00:32:24 [WARNING]   DATA DRIFT [pm25]: KS=0.345  p=0.0000
2026-03-21 00:32:24 [WARNING]   DATA DRIFT [pm10]: KS=0.359  p=0.0000
2026-03-21 00:32:24 [WARNING]   DATA DRIFT [temperature]: KS=0.089  p=0.0017
2026-03-21 00:32:24 [WARNING]   DATA DRIFT [humidity]: KS=0.289  p=0.0000
2026-03-21 00:32:25 [INFO] Pipeline complete: {'run_time': '2026-03-20T21:32:25.560035', 'total_rows': 3913, 'new_rows': 0, 'locations': 2, 'pm25_mean': 19.49, 'pm25_std': 19.18, 'spikes': 0}
2026-03-21 00:32:25 [INFO] Cycle complete: Data updated. Model retained (performance OK).
2026-03-21 00:32:50 [INFO] Scheduler started — polling every 300s
2026-03-21 00:32:50 [INFO] Background scheduler launched.
2026-03-21 00:32:58 [INFO] Pipeline run started
2026-03-21 00:32:58 [INFO] Fetching: https://open.africa/dataset/44359020-b2b0-4b66-af09-3de18d6519dc/resource/d8bb7a86-fef9-4206-9616-3591daff36f1/download/tmp7ac1ezhw.csv
2026-03-21 00:33:15 [INFO] Downloaded 5,413,702 bytes
2026-03-21 00:33:15 [INFO] Detected delimiter: ';'
2026-03-21 00:33:17 [INFO] Raw shape: (76309, 8)  columns: ['sensor_id', 'sensor_type', 'location', 'lat', 'lon', 'timestamp', 'value_type', 'value']
2026-03-21 00:33:18 [INFO]   Unique value_types: ['humidity', 'temperature', 'P2', 'P1', 'P0']
2026-03-21 00:33:18 [INFO]   Unique locations:   2
2026-03-21 00:33:18 [INFO]   PM rows: 25,972   ENV rows: 17,338
2026-03-21 00:33:18 [INFO]   PM resampled: (3681, 7)   ENV resampled: (3723, 4)
2026-03-21 00:33:18 [INFO]   Wide shape: (3913, 9)
2026-03-21 00:33:18 [INFO]   Missing %%: {'pm25': 0.0, 'pm10': 0.0, 'pm1': 0.0, 'temperature': 0.0, 'humidity': 0.0}
2026-03-21 00:33:18 [INFO]   [pm25] clipped 1 out-of-range values
2026-03-21 00:33:18 [INFO]   Dropped 1 rows with no PM2.5
2026-03-21 00:33:18 [INFO]   Clean shape: (3912, 10)  spikes: 0
2026-03-21 00:33:18 [INFO] Loaded 3,913 existing records from historical_data.csv
2026-03-21 00:33:18 [WARNING]   DATA DRIFT [pm25]: KS=0.345  p=0.0000
2026-03-21 00:33:18 [WARNING]   DATA DRIFT [pm10]: KS=0.359  p=0.0000
2026-03-21 00:33:18 [WARNING]   DATA DRIFT [temperature]: KS=0.089  p=0.0017
2026-03-21 00:33:18 [WARNING]   DATA DRIFT [humidity]: KS=0.289  p=0.0000
2026-03-21 00:33:19 [INFO] Pipeline complete: {'run_time': '2026-03-20T21:33:19.234667', 'total_rows': 3913, 'new_rows': 0, 'locations': 2, 'pm25_mean': 19.49, 'pm25_std': 19.18, 'spikes': 0}
2026-03-21 00:33:19 [INFO] Cycle complete: Data updated. Model retained (performance OK).
2026-03-21 00:36:50 [INFO] No new data detected.
2026-03-21 00:37:34 [INFO] No new data detected.
2026-03-21 00:38:27 [INFO] No new data detected.
2026-03-21 00:42:05 [INFO] No new data detected.
2026-03-21 00:42:50 [INFO] No new data detected.
2026-03-21 00:43:45 [INFO] No new data detected.
2026-03-21 00:50:06 [INFO] No new data detected.
2026-03-21 00:51:13 [INFO] Scheduler started — polling every 300s
2026-03-21 00:51:13 [INFO] Background scheduler launched.
2026-03-21 00:51:37 [INFO] Pipeline run started
2026-03-21 00:51:37 [INFO] Fetching: https://open.africa/dataset/44359020-b2b0-4b66-af09-3de18d6519dc/resource/d8bb7a86-fef9-4206-9616-3591daff36f1/download/tmp7ac1ezhw.csv
2026-03-21 11:47:28 [ERROR] Pipeline failed: HTTPSConnectionPool(host='s3-eu-west-1.amazonaws.com', port=443): Read timed out.
2026-03-21 11:50:53 [INFO] Pipeline run started
2026-03-21 11:50:53 [INFO] Fetching: https://open.africa/dataset/44359020-b2b0-4b66-af09-3de18d6519dc/resource/d8bb7a86-fef9-4206-9616-3591daff36f1/download/tmp7ac1ezhw.csv
2026-03-21 11:51:05 [INFO] Downloaded 5,543,628 bytes
2026-03-21 11:51:05 [INFO] Detected delimiter: ';'
2026-03-21 11:51:06 [INFO] Raw shape: (78172, 8)  columns: ['sensor_id', 'sensor_type', 'location', 'lat', 'lon', 'timestamp', 'value_type', 'value']
2026-03-21 11:51:06 [INFO]   Unique value_types: ['humidity', 'temperature', 'P2', 'P1', 'P0']
2026-03-21 11:51:06 [INFO]   Unique locations:   2
2026-03-21 11:51:06 [INFO]   PM rows: 26,473   ENV rows: 17,696
2026-03-21 11:51:06 [INFO]   PM resampled: (3745, 7)   ENV resampled: (3786, 4)
2026-03-21 11:51:06 [INFO]   Wide shape: (3977, 9)
2026-03-21 11:51:06 [INFO]   Missing %%: {'pm25': 0.0, 'pm10': 0.0, 'pm1': 0.0, 'temperature': 0.0, 'humidity': 0.0}
2026-03-21 11:51:06 [INFO]   [pm25] clipped 1 out-of-range values
2026-03-21 11:51:06 [INFO]   [humidity] clipped 1 out-of-range values
2026-03-21 11:51:06 [INFO]   Dropped 1 rows with no PM2.5
2026-03-21 11:51:06 [INFO]   Clean shape: (3976, 10)  spikes: 0
2026-03-21 11:51:06 [INFO] Loaded 3,913 existing records from historical_data.csv
2026-03-21 11:51:06 [WARNING]   DATA DRIFT [pm25]: KS=0.346  p=0.0000
2026-03-21 11:51:06 [WARNING]   DATA DRIFT [pm10]: KS=0.359  p=0.0000
2026-03-21 11:51:06 [WARNING]   DATA DRIFT [temperature]: KS=0.089  p=0.0016
2026-03-21 11:51:06 [WARNING]   DATA DRIFT [humidity]: KS=0.290  p=0.0000
2026-03-21 11:51:07 [INFO] Pipeline complete: {'run_time': '2026-03-21T08:51:07.032813', 'total_rows': 3977, 'new_rows': 64, 'locations': 2, 'pm25_mean': 19.52, 'pm25_std': 19.07, 'spikes': 0}
2026-03-21 11:51:07 [INFO] Cycle complete: Data updated. Model retained (performance OK).
2026-03-21 11:52:57 [INFO] No new data detected.
2026-03-21 11:56:36 [INFO] No new data detected.
2026-03-21 11:58:17 [INFO] No new data detected.
2026-03-21 12:02:08 [INFO] No new data detected.
2026-03-21 12:03:52 [INFO] No new data detected.
2026-03-21 12:07:29 [INFO] No new data detected.
2026-03-21 12:08:20 [INFO] Pipeline run started
2026-03-21 12:08:20 [INFO] Fetching: https://open.africa/dataset/44359020-b2b0-4b66-af09-3de18d6519dc/resource/d8bb7a86-fef9-4206-9616-3591daff36f1/download/tmp7ac1ezhw.csv
2026-03-21 12:08:43 [INFO] Pipeline run started
2026-03-21 12:08:43 [INFO] Fetching: https://open.africa/dataset/44359020-b2b0-4b66-af09-3de18d6519dc/resource/d8bb7a86-fef9-4206-9616-3591daff36f1/download/tmp7ac1ezhw.csv
2026-03-21 12:08:48 [INFO] Pipeline run started
2026-03-21 12:08:49 [INFO] Fetching: https://open.africa/dataset/44359020-b2b0-4b66-af09-3de18d6519dc/resource/d8bb7a86-fef9-4206-9616-3591daff36f1/download/tmp7ac1ezhw.csv
2026-03-21 12:08:53 [INFO] Downloaded 5,543,628 bytes
2026-03-21 12:08:53 [INFO] Detected delimiter: ';'
2026-03-21 12:08:54 [INFO] Raw shape: (78172, 8)  columns: ['sensor_id', 'sensor_type', 'location', 'lat', 'lon', 'timestamp', 'value_type', 'value']
2026-03-21 12:08:54 [INFO]   Unique value_types: ['humidity', 'temperature', 'P2', 'P1', 'P0']
2026-03-21 12:08:54 [INFO]   Unique locations:   2
2026-03-21 12:08:54 [INFO]   PM rows: 26,473   ENV rows: 17,696
2026-03-21 12:08:55 [INFO]   PM resampled: (3745, 7)   ENV resampled: (3786, 4)
2026-03-21 12:08:55 [INFO]   Wide shape: (3977, 9)
2026-03-21 12:08:55 [INFO]   Missing %%: {'pm25': 0.0, 'pm10': 0.0, 'pm1': 0.0, 'temperature': 0.0, 'humidity': 0.0}
2026-03-21 12:08:55 [INFO]   [pm25] clipped 1 out-of-range values
2026-03-21 12:08:55 [INFO]   [humidity] clipped 1 out-of-range values
2026-03-21 12:08:55 [INFO]   Dropped 1 rows with no PM2.5
2026-03-21 12:08:55 [INFO]   Clean shape: (3976, 10)  spikes: 0
2026-03-21 12:08:55 [INFO] Loaded 3,977 existing records from historical_data.csv
2026-03-21 12:08:55 [WARNING]   DATA DRIFT [pm25]: KS=0.289  p=0.0000
2026-03-21 12:08:55 [WARNING]   DATA DRIFT [pm10]: KS=0.295  p=0.0000
2026-03-21 12:08:55 [WARNING]   DATA DRIFT [temperature]: KS=0.159  p=0.0000
2026-03-21 12:08:55 [WARNING]   DATA DRIFT [humidity]: KS=0.238  p=0.0000
2026-03-21 12:08:56 [INFO] Pipeline complete: {'run_time': '2026-03-21T09:08:55.969433', 'total_rows': 3977, 'new_rows': 0, 'locations': 2, 'pm25_mean': 19.52, 'pm25_std': 19.07, 'spikes': 0}
2026-03-21 12:09:02 [INFO] Downloaded 5,543,628 bytes
2026-03-21 12:09:02 [INFO] Detected delimiter: ';'
2026-03-21 12:09:03 [INFO] Raw shape: (78172, 8)  columns: ['sensor_id', 'sensor_type', 'location', 'lat', 'lon', 'timestamp', 'value_type', 'value']
2026-03-21 12:09:04 [INFO]   Unique value_types: ['humidity', 'temperature', 'P2', 'P1', 'P0']
2026-03-21 12:09:04 [INFO]   Unique locations:   2
2026-03-21 12:09:04 [INFO]   PM rows: 26,473   ENV rows: 17,696
2026-03-21 12:09:04 [INFO]   PM resampled: (3745, 7)   ENV resampled: (3786, 4)
2026-03-21 12:09:04 [INFO]   Wide shape: (3977, 9)
2026-03-21 12:09:04 [INFO]   Missing %%: {'pm25': 0.0, 'pm10': 0.0, 'pm1': 0.0, 'temperature': 0.0, 'humidity': 0.0}
2026-03-21 12:09:04 [INFO]   [pm25] clipped 1 out-of-range values
2026-03-21 12:09:04 [INFO]   [humidity] clipped 1 out-of-range values
2026-03-21 12:09:04 [INFO]   Dropped 1 rows with no PM2.5
2026-03-21 12:09:04 [INFO]   Clean shape: (3976, 10)  spikes: 0
2026-03-21 12:09:04 [INFO] Loaded 3,977 existing records from historical_data.csv
2026-03-21 12:09:04 [WARNING]   DATA DRIFT [pm25]: KS=0.289  p=0.0000
2026-03-21 12:09:04 [WARNING]   DATA DRIFT [pm10]: KS=0.295  p=0.0000
2026-03-21 12:09:04 [WARNING]   DATA DRIFT [temperature]: KS=0.159  p=0.0000
2026-03-21 12:09:04 [WARNING]   DATA DRIFT [humidity]: KS=0.238  p=0.0000
2026-03-21 12:09:05 [INFO] Pipeline complete: {'run_time': '2026-03-21T09:09:05.062460', 'total_rows': 3977, 'new_rows': 0, 'locations': 2, 'pm25_mean': 19.52, 'pm25_std': 19.07, 'spikes': 0}
2026-03-21 12:09:05 [INFO] No new data detected.
2026-03-21 12:09:25 [INFO] Downloaded 5,543,628 bytes
2026-03-21 12:09:25 [INFO] Detected delimiter: ';'
2026-03-21 12:09:26 [INFO] Raw shape: (78172, 8)  columns: ['sensor_id', 'sensor_type', 'location', 'lat', 'lon', 'timestamp', 'value_type', 'value']
2026-03-21 12:09:26 [INFO]   Unique value_types: ['humidity', 'temperature', 'P2', 'P1', 'P0']
2026-03-21 12:09:26 [INFO]   Unique locations:   2
2026-03-21 12:09:26 [INFO]   PM rows: 26,473   ENV rows: 17,696
2026-03-21 12:09:26 [INFO]   PM resampled: (3745, 7)   ENV resampled: (3786, 4)
2026-03-21 12:09:26 [INFO]   Wide shape: (3977, 9)
2026-03-21 12:09:26 [INFO]   Missing %%: {'pm25': 0.0, 'pm10': 0.0, 'pm1': 0.0, 'temperature': 0.0, 'humidity': 0.0}
2026-03-21 12:09:26 [INFO]   [pm25] clipped 1 out-of-range values
2026-03-21 12:09:26 [INFO]   [humidity] clipped 1 out-of-range values
2026-03-21 12:09:26 [INFO]   Dropped 1 rows with no PM2.5
2026-03-21 12:09:26 [INFO]   Clean shape: (3976, 10)  spikes: 0
2026-03-21 12:09:27 [INFO] Loaded 3,977 existing records from historical_data.csv
2026-03-21 12:09:27 [WARNING]   DATA DRIFT [pm25]: KS=0.289  p=0.0000
2026-03-21 12:09:27 [WARNING]   DATA DRIFT [pm10]: KS=0.295  p=0.0000
2026-03-21 12:09:27 [WARNING]   DATA DRIFT [temperature]: KS=0.159  p=0.0000
2026-03-21 12:09:27 [WARNING]   DATA DRIFT [humidity]: KS=0.238  p=0.0000
2026-03-21 12:09:27 [INFO] Pipeline complete: {'run_time': '2026-03-21T09:09:27.652727', 'total_rows': 3977, 'new_rows': 0, 'locations': 2, 'pm25_mean': 19.52, 'pm25_std': 19.07, 'spikes': 0}
2026-03-21 12:12:42 [INFO] No new data detected.
2026-03-21 12:14:26 [INFO] No new data detected.
2026-03-21 12:18:15 [INFO] No new data detected.
2026-03-21 12:19:43 [INFO] No new data detected.
2026-03-21 12:23:27 [INFO] No new data detected.
2026-03-21 12:24:54 [INFO] Pipeline run started
2026-03-21 12:24:54 [INFO] Fetching: https://open.africa/dataset/44359020-b2b0-4b66-af09-3de18d6519dc/resource/d8bb7a86-fef9-4206-9616-3591daff36f1/download/tmp7ac1ezhw.csv
2026-03-21 12:25:11 [INFO] Downloaded 5,567,926 bytes
2026-03-21 12:25:11 [INFO] Detected delimiter: ';'
2026-03-21 12:25:13 [INFO] Raw shape: (78509, 8)  columns: ['sensor_id', 'sensor_type', 'location', 'lat', 'lon', 'timestamp', 'value_type', 'value']
2026-03-21 12:25:13 [INFO]   Unique value_types: ['humidity', 'temperature', 'P2', 'P1', 'P0']
2026-03-21 12:25:13 [INFO]   Unique locations:   2
2026-03-21 12:25:13 [INFO]   PM rows: 26,611   ENV rows: 17,795
2026-03-21 12:25:13 [INFO]   PM resampled: (3767, 7)   ENV resampled: (3811, 4)
2026-03-21 12:25:13 [INFO]   Wide shape: (4001, 9)
2026-03-21 12:25:13 [INFO]   Missing %%: {'pm25': 0.0, 'pm10': 0.0, 'pm1': 0.0, 'temperature': 0.0, 'humidity': 0.0}
2026-03-21 12:25:13 [INFO]   [pm25] clipped 1 out-of-range values
2026-03-21 12:25:13 [INFO]   [humidity] clipped 1 out-of-range values
2026-03-21 12:25:13 [INFO]   Dropped 1 rows with no PM2.5
2026-03-21 12:25:13 [INFO]   Clean shape: (4000, 10)  spikes: 0
2026-03-21 12:25:13 [INFO] Loaded 3,977 existing records from historical_data.csv
2026-03-21 12:25:13 [WARNING]   DATA DRIFT [pm25]: KS=0.292  p=0.0000
2026-03-21 12:25:13 [WARNING]   DATA DRIFT [pm10]: KS=0.298  p=0.0000
2026-03-21 12:25:13 [WARNING]   DATA DRIFT [temperature]: KS=0.161  p=0.0000
2026-03-21 12:25:13 [WARNING]   DATA DRIFT [humidity]: KS=0.239  p=0.0000
2026-03-21 12:25:14 [INFO] Pipeline complete: {'run_time': '2026-03-21T09:25:14.189619', 'total_rows': 4001, 'new_rows': 24, 'locations': 2, 'pm25_mean': 19.42, 'pm25_std': 19.06, 'spikes': 0}
2026-03-21 12:25:14 [INFO] Cycle complete: Data updated. Model retained (performance OK).
2026-03-21 12:28:57 [INFO] No new data detected.
2026-03-21 12:30:38 [INFO] No new data detected.
2026-03-21 12:34:11 [INFO] No new data detected.
2026-03-21 12:36:03 [INFO] No new data detected.
2026-03-21 12:39:26 [INFO] No new data detected.
2026-03-21 12:42:52 [INFO] No new data detected.
2026-03-21 12:45:15 [INFO] No new data detected.
2026-03-21 12:48:33 [INFO] No new data detected.
2026-03-21 12:50:31 [INFO] No new data detected.
2026-03-21 12:54:08 [INFO] No new data detected.
2026-03-21 12:55:51 [INFO] No new data detected.
2026-03-21 12:59:54 [INFO] No new data detected.
2026-03-21 13:01:14 [INFO] No new data detected.
2026-03-21 13:05:25 [INFO] No new data detected.
2026-03-21 13:06:56 [INFO] No new data detected.
2026-03-21 13:11:25 [INFO] Pipeline run started
2026-03-21 13:11:25 [INFO] Fetching: https://open.africa/dataset/44359020-b2b0-4b66-af09-3de18d6519dc/resource/d8bb7a86-fef9-4206-9616-3591daff36f1/download/tmp7ac1ezhw.csv
2026-03-21 13:11:55 [INFO] Pipeline run started
2026-03-21 13:11:55 [INFO] Fetching: https://open.africa/dataset/44359020-b2b0-4b66-af09-3de18d6519dc/resource/d8bb7a86-fef9-4206-9616-3591daff36f1/download/tmp7ac1ezhw.csv
2026-03-21 13:12:15 [INFO] Downloaded 5,575,967 bytes
2026-03-21 13:12:15 [INFO] Detected delimiter: ';'
2026-03-21 13:12:16 [INFO] Raw shape: (78621, 8)  columns: ['sensor_id', 'sensor_type', 'location', 'lat', 'lon', 'timestamp', 'value_type', 'value']
2026-03-21 13:12:16 [INFO]   Unique value_types: ['humidity', 'temperature', 'P2', 'P1', 'P0']
2026-03-21 13:12:16 [INFO]   Unique locations:   2
2026-03-21 13:12:16 [INFO]   PM rows: 26,659   ENV rows: 17,824
2026-03-21 13:12:16 [INFO]   PM resampled: (3774, 7)   ENV resampled: (3818, 4)
2026-03-21 13:12:16 [INFO]   Wide shape: (4008, 9)
2026-03-21 13:12:16 [INFO]   Missing %%: {'pm25': 0.0, 'pm10': 0.0, 'pm1': 0.0, 'temperature': 0.0, 'humidity': 0.0}
2026-03-21 13:12:16 [INFO]   [pm25] clipped 1 out-of-range values
2026-03-21 13:12:16 [INFO]   [humidity] clipped 1 out-of-range values
2026-03-21 13:12:16 [INFO]   Dropped 1 rows with no PM2.5
2026-03-21 13:12:16 [INFO]   Clean shape: (4007, 10)  spikes: 0
2026-03-21 13:12:16 [INFO] Loaded 4,001 existing records from historical_data.csv
2026-03-21 13:12:16 [WARNING]   DATA DRIFT [pm25]: KS=0.250  p=0.0000
2026-03-21 13:12:16 [WARNING]   DATA DRIFT [pm10]: KS=0.251  p=0.0000
2026-03-21 13:12:16 [WARNING]   DATA DRIFT [temperature]: KS=0.126  p=0.0000
2026-03-21 13:12:16 [WARNING]   DATA DRIFT [humidity]: KS=0.219  p=0.0000
2026-03-21 13:12:17 [INFO] Pipeline complete: {'run_time': '2026-03-21T10:12:16.997112', 'total_rows': 4008, 'new_rows': 7, 'locations': 2, 'pm25_mean': 19.4, 'pm25_std': 19.05, 'spikes': 0}
2026-03-21 13:12:17 [INFO] Cycle complete: Data updated. Model retained (performance OK).
2026-03-21 13:12:24 [INFO] Downloaded 5,575,967 bytes
2026-03-21 13:12:24 [INFO] Detected delimiter: ';'
2026-03-21 13:12:25 [INFO] Raw shape: (78621, 8)  columns: ['sensor_id', 'sensor_type', 'location', 'lat', 'lon', 'timestamp', 'value_type', 'value']
2026-03-21 13:12:26 [INFO]   Unique value_types: ['humidity', 'temperature', 'P2', 'P1', 'P0']
2026-03-21 13:12:26 [INFO]   Unique locations:   2
2026-03-21 13:12:26 [INFO]   PM rows: 26,659   ENV rows: 17,824
2026-03-21 13:12:26 [INFO]   PM resampled: (3774, 7)   ENV resampled: (3818, 4)
2026-03-21 13:12:26 [INFO]   Wide shape: (4008, 9)
2026-03-21 13:12:26 [INFO]   Missing %%: {'pm25': 0.0, 'pm10': 0.0, 'pm1': 0.0, 'temperature': 0.0, 'humidity': 0.0}
2026-03-21 13:12:26 [INFO]   [pm25] clipped 1 out-of-range values
2026-03-21 13:12:26 [INFO]   [humidity] clipped 1 out-of-range values
2026-03-21 13:12:26 [INFO]   Dropped 1 rows with no PM2.5
2026-03-21 13:12:26 [INFO]   Clean shape: (4007, 10)  spikes: 0
2026-03-21 13:12:26 [INFO] Loaded 4,008 existing records from historical_data.csv
2026-03-21 13:12:26 [WARNING]   DATA DRIFT [pm25]: KS=0.244  p=0.0000
2026-03-21 13:12:26 [WARNING]   DATA DRIFT [pm10]: KS=0.244  p=0.0000
2026-03-21 13:12:26 [WARNING]   DATA DRIFT [temperature]: KS=0.112  p=0.0000
2026-03-21 13:12:26 [WARNING]   DATA DRIFT [humidity]: KS=0.213  p=0.0000
2026-03-21 13:12:27 [INFO] Pipeline complete: {'run_time': '2026-03-21T10:12:27.025684', 'total_rows': 4008, 'new_rows': 0, 'locations': 2, 'pm25_mean': 19.4, 'pm25_std': 19.05, 'spikes': 0}
2026-03-21 13:12:36 [INFO] No new data detected.
2026-03-21 13:17:53 [INFO] No new data detected.
2026-03-21 13:18:16 [INFO] No new data detected.
2026-03-21 13:23:12 [INFO] No new data detected.
2026-03-21 13:24:49 [INFO] No new data detected.
2026-03-21 13:28:31 [INFO] No new data detected.
2026-03-21 13:30:18 [INFO] No new data detected.
2026-03-21 13:34:16 [INFO] No new data detected.
2026-03-21 13:36:00 [INFO] No new data detected.
2026-03-21 13:39:44 [INFO] No new data detected.
2026-03-21 13:41:32 [INFO] No new data detected.
2026-03-21 13:45:23 [INFO] No new data detected.
2026-03-21 13:47:04 [INFO] No new data detected.
2026-03-21 13:51:34 [INFO] No new data detected.
2026-03-21 13:52:57 [INFO] No new data detected.
2026-03-21 13:56:45 [INFO] No new data detected.
2026-03-21 13:58:34 [INFO] No new data detected.
2026-03-21 14:02:31 [INFO] No new data detected.
2026-03-21 14:03:59 [INFO] No new data detected.
2026-03-21 14:07:47 [INFO] No new data detected.
2026-03-21 14:09:19 [INFO] No new data detected.
2026-03-21 14:12:58 [WARNING] Hash check failed: HTTPSConnectionPool(host='open.africa', port=443): Max retries exceeded with url: /dataset/44359020-b2b0-4b66-af09-3de18d6519dc/resource/d8bb7a86-fef9-4206-9616-3591daff36f1/download/tmp7ac1ezhw.csv (Caused by NameResolutionError("HTTPSConnection(host='open.africa', port=443): Failed to resolve 'open.africa' ([Errno 11001] getaddrinfo failed)"))
2026-03-21 14:12:58 [INFO] No new data detected.
2026-03-21 14:14:48 [INFO] No new data detected.
2026-03-21 14:16:13 [INFO] Pipeline run started
2026-03-21 14:16:13 [INFO] Fetching: https://open.africa/dataset/44359020-b2b0-4b66-af09-3de18d6519dc/resource/d8bb7a86-fef9-4206-9616-3591daff36f1/download/tmp7ac1ezhw.csv
2026-03-21 14:16:56 [INFO] Downloaded 5,588,148 bytes
2026-03-21 14:16:56 [INFO] Detected delimiter: ';'
2026-03-21 14:16:58 [INFO] Raw shape: (78786, 8)  columns: ['sensor_id', 'sensor_type', 'location', 'lat', 'lon', 'timestamp', 'value_type', 'value']
2026-03-21 14:16:58 [INFO]   Unique value_types: ['humidity', 'temperature', 'P2', 'P1', 'P0']
2026-03-21 14:16:58 [INFO]   Unique locations:   2
2026-03-21 14:16:58 [INFO]   PM rows: 26,737   ENV rows: 17,886
2026-03-21 14:16:59 [INFO]   PM resampled: (3787, 7)   ENV resampled: (3831, 4)
2026-03-21 14:16:59 [INFO]   Wide shape: (4021, 9)
2026-03-21 14:16:59 [INFO]   Missing %%: {'pm25': 0.0, 'pm10': 0.0, 'pm1': 0.0, 'temperature': 0.0, 'humidity': 0.0}
2026-03-21 14:16:59 [INFO]   [pm25] clipped 1 out-of-range values
2026-03-21 14:16:59 [INFO]   [humidity] clipped 1 out-of-range values
2026-03-21 14:16:59 [INFO]   Dropped 1 rows with no PM2.5
2026-03-21 14:16:59 [INFO]   Clean shape: (4020, 10)  spikes: 0
2026-03-21 14:16:59 [INFO] Loaded 4,008 existing records from historical_data.csv
2026-03-21 14:16:59 [WARNING]   DATA DRIFT [pm25]: KS=0.245  p=0.0000
2026-03-21 14:16:59 [WARNING]   DATA DRIFT [pm10]: KS=0.245  p=0.0000
2026-03-21 14:16:59 [WARNING]   DATA DRIFT [temperature]: KS=0.113  p=0.0000
2026-03-21 14:16:59 [WARNING]   DATA DRIFT [humidity]: KS=0.213  p=0.0000
2026-03-21 14:17:00 [INFO] Pipeline complete: {'run_time': '2026-03-21T11:17:00.081119', 'total_rows': 4021, 'new_rows': 13, 'locations': 2, 'pm25_mean': 19.34, 'pm25_std': 19.05, 'spikes': 0}
2026-03-21 14:18:23 [INFO] No new data detected.
2026-03-21 14:20:08 [INFO] No new data detected.
2026-03-21 14:24:37 [INFO] No new data detected.
2026-03-21 14:25:24 [INFO] No new data detected.
2026-03-21 14:29:57 [INFO] No new data detected.
2026-03-21 14:31:07 [INFO] No new data detected.
2026-03-21 14:35:32 [INFO] No new data detected.
2026-03-21 14:36:30 [INFO] No new data detected.
2026-03-21 14:41:06 [INFO] No new data detected.
2026-03-21 14:42:20 [INFO] No new data detected.
2026-03-21 14:46:33 [INFO] No new data detected.
2026-03-21 14:48:08 [INFO] No new data detected.
2026-03-21 14:51:51 [INFO] No new data detected.
2026-03-21 14:53:41 [INFO] No new data detected.
2026-03-21 14:57:20 [INFO] No new data detected.
2026-03-21 14:58:55 [INFO] No new data detected.
2026-03-21 15:02:43 [INFO] No new data detected.
2026-03-21 15:04:20 [INFO] No new data detected.
2026-03-21 15:07:53 [INFO] No new data detected.
2026-03-21 15:09:28 [INFO] No new data detected.
2026-03-21 15:13:04 [INFO] No new data detected.
2026-03-21 15:14:56 [INFO] No new data detected.
2026-03-21 15:18:35 [INFO] No new data detected.
2026-03-21 15:20:28 [INFO] No new data detected.
2026-03-21 15:24:12 [INFO] No new data detected.
2026-03-21 15:25:44 [INFO] No new data detected.
2026-03-21 15:29:54 [INFO] No new data detected.
2026-03-21 15:30:17 [INFO] Pipeline run started
2026-03-21 15:30:17 [INFO] Fetching: https://open.africa/dataset/44359020-b2b0-4b66-af09-3de18d6519dc/resource/d8bb7a86-fef9-4206-9616-3591daff36f1/download/tmp7ac1ezhw.csv
2026-03-21 15:30:45 [INFO] Downloaded 5,600,310 bytes
2026-03-21 15:30:45 [INFO] Detected delimiter: ';'
2026-03-21 15:30:47 [INFO] Raw shape: (78947, 8)  columns: ['sensor_id', 'sensor_type', 'location', 'lat', 'lon', 'timestamp', 'value_type', 'value']
2026-03-21 15:30:47 [INFO]   Unique value_types: ['humidity', 'temperature', 'P2', 'P1', 'P0']
2026-03-21 15:30:47 [INFO]   Unique locations:   2
2026-03-21 15:30:47 [INFO]   PM rows: 26,827   ENV rows: 17,957
2026-03-21 15:30:47 [INFO]   PM resampled: (3799, 7)   ENV resampled: (3846, 4)
2026-03-21 15:30:48 [INFO]   Wide shape: (4036, 9)
2026-03-21 15:30:48 [INFO]   Missing %%: {'pm25': 0.0, 'pm10': 0.0, 'pm1': 0.0, 'temperature': 0.0, 'humidity': 0.0}
2026-03-21 15:30:48 [INFO]   [pm25] clipped 1 out-of-range values
2026-03-21 15:30:48 [INFO]   [humidity] clipped 1 out-of-range values
2026-03-21 15:30:48 [INFO]   Dropped 1 rows with no PM2.5
2026-03-21 15:30:48 [INFO]   Clean shape: (4035, 10)  spikes: 0
2026-03-21 15:30:48 [INFO] Loaded 4,021 existing records from historical_data.csv
2026-03-21 15:30:48 [WARNING]   DATA DRIFT [pm25]: KS=0.232  p=0.0000
2026-03-21 15:30:48 [WARNING]   DATA DRIFT [pm10]: KS=0.232  p=0.0000
2026-03-21 15:30:48 [WARNING]   DATA DRIFT [temperature]: KS=0.089  p=0.0017
2026-03-21 15:30:48 [WARNING]   DATA DRIFT [humidity]: KS=0.208  p=0.0000
2026-03-21 15:30:48 [INFO] Pipeline complete: {'run_time': '2026-03-21T12:30:48.679650', 'total_rows': 4036, 'new_rows': 15, 'locations': 2, 'pm25_mean': 19.27, 'pm25_std': 19.04, 'spikes': 0}
2026-03-21 15:31:12 [INFO] No new data detected.
2026-03-21 15:35:30 [INFO] No new data detected.
2026-03-21 15:37:00 [INFO] No new data detected.
2026-03-21 15:40:52 [INFO] No new data detected.
2026-03-21 15:42:40 [INFO] No new data detected.
2026-03-21 15:46:25 [INFO] No new data detected.
2026-03-21 15:48:15 [INFO] No new data detected.
2026-03-21 15:51:37 [INFO] No new data detected.
2026-03-21 15:53:23 [INFO] No new data detected.
2026-03-21 15:56:45 [INFO] No new data detected.
2026-03-21 15:58:43 [INFO] No new data detected.
2026-03-21 16:02:08 [INFO] No new data detected.
2026-03-21 16:03:52 [INFO] No new data detected.
2026-03-21 16:07:27 [INFO] No new data detected.
2026-03-21 16:09:05 [INFO] No new data detected.
2026-03-21 16:12:40 [INFO] No new data detected.
2026-03-21 16:15:16 [WARNING] Hash check failed: HTTPSConnectionPool(host='s3-eu-west-1.amazonaws.com', port=443): Read timed out.
2026-03-21 16:15:16 [INFO] No new data detected.
2026-03-21 16:17:52 [INFO] Pipeline run started
2026-03-21 16:17:52 [INFO] Fetching: https://open.africa/dataset/44359020-b2b0-4b66-af09-3de18d6519dc/resource/d8bb7a86-fef9-4206-9616-3591daff36f1/download/tmp7ac1ezhw.csv
2026-03-21 16:18:02 [INFO] Downloaded 5,608,366 bytes
2026-03-21 16:18:02 [INFO] Detected delimiter: ';'
2026-03-21 16:18:04 [INFO] Raw shape: (79053, 8)  columns: ['sensor_id', 'sensor_type', 'location', 'lat', 'lon', 'timestamp', 'value_type', 'value']
2026-03-21 16:18:04 [INFO]   Unique value_types: ['humidity', 'temperature', 'P2', 'P1', 'P0']
2026-03-21 16:18:04 [INFO]   Unique locations:   2
2026-03-21 16:18:04 [INFO]   PM rows: 26,880   ENV rows: 18,010
2026-03-21 16:18:05 [INFO]   PM resampled: (3808, 7)   ENV resampled: (3856, 4)
2026-03-21 16:18:05 [INFO]   Wide shape: (4047, 9)
2026-03-21 16:18:05 [INFO]   Missing %%: {'pm25': 0.0, 'pm10': 0.0, 'pm1': 0.0, 'temperature': 0.0, 'humidity': 0.0}
2026-03-21 16:18:05 [INFO]   [pm25] clipped 1 out-of-range values
2026-03-21 16:18:05 [INFO]   [humidity] clipped 1 out-of-range values
2026-03-21 16:18:05 [INFO]   Dropped 1 rows with no PM2.5
2026-03-21 16:18:05 [INFO]   Clean shape: (4046, 10)  spikes: 0
2026-03-21 16:18:05 [INFO] Loaded 4,036 existing records from historical_data.csv
2026-03-21 16:18:05 [WARNING]   DATA DRIFT [pm25]: KS=0.218  p=0.0000
2026-03-21 16:18:05 [WARNING]   DATA DRIFT [pm10]: KS=0.218  p=0.0000
2026-03-21 16:18:05 [WARNING]   DATA DRIFT [temperature]: KS=0.078  p=0.0089
2026-03-21 16:18:05 [WARNING]   DATA DRIFT [humidity]: KS=0.194  p=0.0000
2026-03-21 16:18:05 [INFO] Pipeline complete: {'run_time': '2026-03-21T13:18:05.525345', 'total_rows': 4047, 'new_rows': 11, 'locations': 2, 'pm25_mean': 19.23, 'pm25_std': 19.03, 'spikes': 0}
2026-03-21 16:18:05 [INFO] Cycle complete: Data updated. Model retained (performance OK).
2026-03-21 16:20:26 [INFO] No new data detected.
2026-03-21 16:23:16 [INFO] No new data detected.
2026-03-21 16:25:38 [INFO] No new data detected.
2026-03-21 16:28:32 [INFO] No new data detected.
2026-03-21 16:30:51 [INFO] No new data detected.
2026-03-21 16:34:09 [INFO] No new data detected.
2026-03-21 16:35:51 [WARNING] Hash check failed: HTTPSConnectionPool(host='open.africa', port=443): Max retries exceeded with url: /dataset/44359020-b2b0-4b66-af09-3de18d6519dc/resource/d8bb7a86-fef9-4206-9616-3591daff36f1/download/tmp7ac1ezhw.csv (Caused by NameResolutionError("HTTPSConnection(host='open.africa', port=443): Failed to resolve 'open.africa' ([Errno 11001] getaddrinfo failed)"))
2026-03-21 16:35:51 [INFO] No new data detected.
2026-03-21 16:39:23 [INFO] No new data detected.
2026-03-21 16:41:27 [WARNING] Hash check failed: HTTPSConnectionPool(host='s3-eu-west-1.amazonaws.com', port=443): Read timed out.
2026-03-21 16:41:27 [INFO] No new data detected.
2026-03-21 16:44:39 [INFO] No new data detected.
2026-03-21 16:46:47 [INFO] No new data detected.
2026-03-21 16:49:55 [INFO] No new data detected.
2026-03-21 16:51:47 [WARNING] Hash check failed: HTTPSConnectionPool(host='open.africa', port=443): Max retries exceeded with url: /dataset/44359020-b2b0-4b66-af09-3de18d6519dc/resource/d8bb7a86-fef9-4206-9616-3591daff36f1/download/tmp7ac1ezhw.csv (Caused by NameResolutionError("HTTPSConnection(host='open.africa', port=443): Failed to resolve 'open.africa' ([Errno 11001] getaddrinfo failed)"))
2026-03-21 16:51:47 [INFO] No new data detected.
2026-03-21 16:55:05 [INFO] No new data detected.
2026-03-21 16:57:01 [INFO] No new data detected.
2026-03-21 17:01:30 [INFO] No new data detected.
2026-03-21 17:03:04 [INFO] No new data detected.
2026-03-21 17:07:40 [INFO] No new data detected.
2026-03-21 17:09:16 [INFO] No new data detected.
2026-03-21 17:12:50 [INFO] No new data detected.
2026-03-21 17:15:50 [INFO] No new data detected.
2026-03-21 17:18:03 [INFO] No new data detected.
2026-03-21 17:20:58 [INFO] No new data detected.
2026-03-21 17:23:15 [INFO] No new data detected.
2026-03-21 17:26:06 [INFO] No new data detected.
2026-03-21 17:28:27 [INFO] No new data detected.
2026-03-21 17:32:48 [INFO] No new data detected.
2026-03-21 17:33:56 [INFO] No new data detected.
2026-03-21 17:38:02 [INFO] Pipeline run started
2026-03-21 17:38:02 [INFO] Fetching: https://open.africa/dataset/44359020-b2b0-4b66-af09-3de18d6519dc/resource/d8bb7a86-fef9-4206-9616-3591daff36f1/download/tmp7ac1ezhw.csv
2026-03-21 17:38:19 [INFO] Downloaded 5,620,490 bytes
2026-03-21 17:38:19 [INFO] Detected delimiter: ';'
2026-03-21 17:38:23 [INFO] Raw shape: (79212, 8)  columns: ['sensor_id', 'sensor_type', 'location', 'lat', 'lon', 'timestamp', 'value_type', 'value']
2026-03-21 17:38:23 [INFO]   Unique value_types: ['humidity', 'temperature', 'P2', 'P1', 'P0']
2026-03-21 17:38:23 [INFO]   Unique locations:   2
2026-03-21 17:38:23 [INFO]   PM rows: 26,961   ENV rows: 18,088
2026-03-21 17:38:24 [INFO]   PM resampled: (3819, 7)   ENV resampled: (3873, 4)
2026-03-21 17:38:24 [INFO]   Wide shape: (4063, 9)
2026-03-21 17:38:24 [INFO]   Missing %%: {'pm25': 0.0, 'pm10': 0.0, 'pm1': 0.0, 'temperature': 0.0, 'humidity': 0.0}
2026-03-21 17:38:24 [INFO]   [pm25] clipped 1 out-of-range values
2026-03-21 17:38:24 [INFO]   [humidity] clipped 1 out-of-range values
2026-03-21 17:38:24 [INFO]   Dropped 1 rows with no PM2.5
2026-03-21 17:38:24 [INFO]   Clean shape: (4062, 10)  spikes: 0
2026-03-21 17:38:24 [INFO] Loaded 4,047 existing records from historical_data.csv
2026-03-21 17:38:24 [WARNING]   DATA DRIFT [pm25]: KS=0.212  p=0.0000
2026-03-21 17:38:24 [WARNING]   DATA DRIFT [pm10]: KS=0.212  p=0.0000
2026-03-21 17:38:24 [WARNING]   DATA DRIFT [temperature]: KS=0.086  p=0.0024
2026-03-21 17:38:24 [WARNING]   DATA DRIFT [humidity]: KS=0.187  p=0.0000
2026-03-21 17:38:24 [INFO] Pipeline complete: {'run_time': '2026-03-21T14:38:24.841441', 'total_rows': 4063, 'new_rows': 16, 'locations': 2, 'pm25_mean': 19.22, 'pm25_std': 19.03, 'spikes': 0}
2026-03-21 17:38:25 [INFO] Cycle complete: Data updated. Model retained (performance OK).
2026-03-21 17:39:34 [INFO] No new data detected.
2026-03-21 17:43:34 [INFO] No new data detected.
2026-03-21 17:44:42 [INFO] No new data detected.
2026-03-21 17:48:43 [INFO] No new data detected.
2026-03-21 17:49:50 [INFO] No new data detected.
2026-03-21 17:53:51 [INFO] No new data detected.
2026-03-21 17:54:57 [INFO] No new data detected.
2026-03-21 17:59:11 [INFO] No new data detected.
2026-03-21 18:00:10 [INFO] No new data detected.
2026-03-21 18:04:41 [INFO] No new data detected.
2026-03-21 18:05:22 [INFO] No new data detected.
2026-03-21 18:09:52 [INFO] No new data detected.
2026-03-21 18:11:03 [INFO] No new data detected.
2026-03-21 18:15:00 [INFO] No new data detected.
2026-03-21 18:16:52 [INFO] No new data detected.
2026-03-21 18:20:30 [INFO] No new data detected.
2026-03-21 18:21:59 [INFO] No new data detected.
2026-03-21 18:26:02 [INFO] No new data detected.
2026-03-21 18:27:15 [INFO] No new data detected.
2026-03-21 18:31:10 [INFO] No new data detected.
2026-03-21 18:32:38 [INFO] No new data detected.
2026-03-21 18:36:25 [INFO] No new data detected.
2026-03-21 18:37:46 [INFO] No new data detected.
2026-03-21 18:41:34 [INFO] Pipeline run started
2026-03-21 18:41:34 [INFO] Fetching: https://open.africa/dataset/44359020-b2b0-4b66-af09-3de18d6519dc/resource/d8bb7a86-fef9-4206-9616-3591daff36f1/download/tmp7ac1ezhw.csv
2026-03-21 18:41:41 [INFO] Downloaded 5,632,654 bytes
2026-03-21 18:41:41 [INFO] Detected delimiter: ';'
2026-03-21 18:41:43 [INFO] Raw shape: (79384, 8)  columns: ['sensor_id', 'sensor_type', 'location', 'lat', 'lon', 'timestamp', 'value_type', 'value']
2026-03-21 18:41:44 [INFO]   Unique value_types: ['humidity', 'temperature', 'P2', 'P1', 'P0']
2026-03-21 18:41:44 [INFO]   Unique locations:   2
2026-03-21 18:41:44 [INFO]   PM rows: 27,022   ENV rows: 18,126
2026-03-21 18:41:44 [INFO]   PM resampled: (3828, 7)   ENV resampled: (3882, 4)
2026-03-21 18:41:44 [INFO]   Wide shape: (4073, 9)
2026-03-21 18:41:44 [INFO]   Missing %%: {'pm25': 0.0, 'pm10': 0.0, 'pm1': 0.0, 'temperature': 0.0, 'humidity': 0.0}
2026-03-21 18:41:44 [INFO]   [pm25] clipped 1 out-of-range values
2026-03-21 18:41:44 [INFO]   [humidity] clipped 1 out-of-range values
2026-03-21 18:41:44 [INFO]   Dropped 1 rows with no PM2.5
2026-03-21 18:41:44 [INFO]   Clean shape: (4072, 10)  spikes: 0
2026-03-21 18:41:44 [INFO] Loaded 4,063 existing records from historical_data.csv
2026-03-21 18:41:44 [WARNING]   DATA DRIFT [pm25]: KS=0.197  p=0.0000
2026-03-21 18:41:44 [WARNING]   DATA DRIFT [pm10]: KS=0.197  p=0.0000
2026-03-21 18:41:44 [WARNING]   DATA DRIFT [temperature]: KS=0.076  p=0.0105
2026-03-21 18:41:44 [WARNING]   DATA DRIFT [humidity]: KS=0.169  p=0.0000
2026-03-21 18:41:45 [INFO] Pipeline complete: {'run_time': '2026-03-21T15:41:44.996725', 'total_rows': 4073, 'new_rows': 10, 'locations': 2, 'pm25_mean': 19.21, 'pm25_std': 19.03, 'spikes': 0}
2026-03-21 18:41:45 [INFO] Cycle complete: Data updated. Model retained (performance OK).
2026-03-21 18:43:30 [INFO] No new data detected.
2026-03-21 18:47:57 [INFO] No new data detected.
2026-03-21 18:48:40 [INFO] No new data detected.
2026-03-21 18:53:07 [INFO] No new data detected.
2026-03-21 18:55:25 [INFO] No new data detected.
2026-03-21 18:58:18 [INFO] No new data detected.
2026-03-21 19:00:54 [INFO] No new data detected.
2026-03-21 19:03:38 [INFO] No new data detected.
2026-03-21 19:06:29 [INFO] No new data detected.
2026-03-21 19:09:13 [INFO] No new data detected.
2026-03-21 19:12:49 [INFO] No new data detected.
2026-03-21 19:14:21 [INFO] No new data detected.
2026-03-21 19:18:56 [INFO] No new data detected.
2026-03-21 19:19:49 [INFO] No new data detected.
2026-03-21 19:24:38 [INFO] No new data detected.
2026-03-21 19:26:33 [INFO] No new data detected.
2026-03-21 19:31:17 [INFO] Pipeline run started
2026-03-21 19:31:17 [INFO] Fetching: https://open.africa/dataset/44359020-b2b0-4b66-af09-3de18d6519dc/resource/d8bb7a86-fef9-4206-9616-3591daff36f1/download/tmp7ac1ezhw.csv
2026-03-21 19:32:10 [INFO] Downloaded 5,644,877 bytes
2026-03-21 19:32:10 [INFO] Detected delimiter: ';'
2026-03-21 19:32:13 [INFO] Raw shape: (79558, 8)  columns: ['sensor_id', 'sensor_type', 'location', 'lat', 'lon', 'timestamp', 'value_type', 'value']
2026-03-21 19:32:13 [INFO]   Unique value_types: ['humidity', 'temperature', 'P2', 'P1', 'P0']
2026-03-21 19:32:13 [INFO]   Unique locations:   2
2026-03-21 19:32:13 [INFO]   PM rows: 27,070   ENV rows: 18,166
2026-03-21 19:32:14 [INFO]   PM resampled: (3835, 7)   ENV resampled: (3891, 4)
2026-03-21 19:32:14 [INFO]   Wide shape: (4082, 9)
2026-03-21 19:32:14 [INFO]   Missing %%: {'pm25': 0.0, 'pm10': 0.0, 'pm1': 0.0, 'temperature': 0.0, 'humidity': 0.0}
2026-03-21 19:32:14 [INFO]   [pm25] clipped 1 out-of-range values
2026-03-21 19:32:14 [INFO]   [humidity] clipped 1 out-of-range values
2026-03-21 19:32:14 [INFO]   Dropped 1 rows with no PM2.5
2026-03-21 19:32:14 [INFO]   Clean shape: (4081, 10)  spikes: 0
2026-03-21 19:32:14 [INFO] Loaded 4,073 existing records from historical_data.csv
2026-03-21 19:32:14 [WARNING]   DATA DRIFT [pm25]: KS=0.187  p=0.0000
2026-03-21 19:32:14 [WARNING]   DATA DRIFT [pm10]: KS=0.187  p=0.0000
2026-03-21 19:32:14 [WARNING]   DATA DRIFT [temperature]: KS=0.076  p=0.0110
2026-03-21 19:32:14 [WARNING]   DATA DRIFT [humidity]: KS=0.158  p=0.0000
2026-03-21 19:32:14 [INFO] Pipeline complete: {'run_time': '2026-03-21T16:32:14.478968', 'total_rows': 4082, 'new_rows': 9, 'locations': 2, 'pm25_mean': 19.2, 'pm25_std': 19.02, 'spikes': 0}
2026-03-21 19:32:14 [INFO] Cycle complete: Data updated. Model retained (performance OK).
2026-03-21 19:32:24 [INFO] No new data detected.
2026-03-21 19:38:19 [INFO] No new data detected.
2026-03-21 19:39:16 [INFO] No new data detected.
2026-03-21 19:44:26 [INFO] No new data detected.
2026-03-21 19:45:48 [INFO] No new data detected.
2026-03-21 19:49:56 [INFO] No new data detected.
2026-03-21 19:51:46 [INFO] No new data detected.
2026-03-21 19:56:51 [WARNING] Hash check failed: HTTPSConnectionPool(host='s3-eu-west-1.amazonaws.com', port=443): Read timed out.
2026-03-21 19:56:51 [INFO] No new data detected.
2026-03-21 19:58:12 [INFO] Pipeline run started
2026-03-21 19:58:12 [INFO] Fetching: https://open.africa/dataset/44359020-b2b0-4b66-af09-3de18d6519dc/resource/d8bb7a86-fef9-4206-9616-3591daff36f1/download/tmp7ac1ezhw.csv
2026-03-21 19:58:59 [INFO] Downloaded 5,652,997 bytes
2026-03-21 19:58:59 [INFO] Detected delimiter: ';'
2026-03-21 19:59:02 [INFO] Raw shape: (79674, 8)  columns: ['sensor_id', 'sensor_type', 'location', 'lat', 'lon', 'timestamp', 'value_type', 'value']
2026-03-21 19:59:03 [INFO]   Unique value_types: ['humidity', 'temperature', 'P2', 'P1', 'P0']
2026-03-21 19:59:03 [INFO]   Unique locations:   2
2026-03-21 19:59:03 [INFO]   PM rows: 27,099   ENV rows: 18,192
2026-03-21 19:59:03 [INFO]   PM resampled: (3841, 7)   ENV resampled: (3898, 4)
2026-03-21 19:59:03 [INFO]   Wide shape: (4090, 9)
2026-03-21 19:59:03 [INFO]   Missing %%: {'pm25': 0.0, 'pm10': 0.0, 'pm1': 0.0, 'temperature': 0.0, 'humidity': 0.0}
2026-03-21 19:59:03 [INFO]   [pm25] clipped 1 out-of-range values
2026-03-21 19:59:03 [INFO]   [humidity] clipped 1 out-of-range values
2026-03-21 19:59:03 [INFO]   Dropped 1 rows with no PM2.5
2026-03-21 19:59:03 [INFO]   Clean shape: (4089, 10)  spikes: 0
2026-03-21 19:59:04 [INFO] Loaded 4,082 existing records from historical_data.csv
2026-03-21 19:59:04 [WARNING]   DATA DRIFT [pm25]: KS=0.181  p=0.0000
2026-03-21 19:59:04 [WARNING]   DATA DRIFT [pm10]: KS=0.181  p=0.0000
2026-03-21 19:59:04 [WARNING]   DATA DRIFT [temperature]: KS=0.085  p=0.0031
2026-03-21 19:59:04 [WARNING]   DATA DRIFT [humidity]: KS=0.148  p=0.0000
2026-03-21 19:59:05 [INFO] Pipeline complete: {'run_time': '2026-03-21T16:59:05.375314', 'total_rows': 4090, 'new_rows': 8, 'locations': 2, 'pm25_mean': 19.18, 'pm25_std': 19.01, 'spikes': 0}
2026-03-21 19:59:06 [INFO] Cycle complete: Data updated. Model retained (performance OK).
2026-03-21 20:02:07 [INFO] No new data detected.
2026-03-21 20:04:50 [INFO] No new data detected.
2026-03-21 20:09:43 [INFO] No new data detected.
2026-03-21 20:10:40 [INFO] No new data detected.
2026-03-21 20:15:45 [INFO] No new data detected.
2026-03-21 20:16:54 [INFO] No new data detected.
2026-03-21 20:22:15 [INFO] No new data detected.
2026-03-21 20:22:35 [INFO] No new data detected.
2026-03-21 20:28:07 [INFO] No new data detected.
2026-03-21 20:28:40 [INFO] No new data detected.
2026-03-21 20:34:40 [INFO] No new data detected.
2026-03-21 20:35:07 [INFO] No new data detected.
2026-03-21 20:38:29 [INFO] Pipeline run started
2026-03-21 20:38:29 [INFO] Fetching: https://open.africa/dataset/44359020-b2b0-4b66-af09-3de18d6519dc/resource/d8bb7a86-fef9-4206-9616-3591daff36f1/download/tmp7ac1ezhw.csv
2026-03-21 20:39:03 [INFO] Pipeline run started
2026-03-21 20:39:03 [INFO] Fetching: https://open.africa/dataset/44359020-b2b0-4b66-af09-3de18d6519dc/resource/d8bb7a86-fef9-4206-9616-3591daff36f1/download/tmp7ac1ezhw.csv
2026-03-21 20:39:58 [INFO] Downloaded 5,665,209 bytes
2026-03-21 20:39:58 [INFO] Detected delimiter: ';'
2026-03-21 20:40:03 [INFO] Raw shape: (79847, 8)  columns: ['sensor_id', 'sensor_type', 'location', 'lat', 'lon', 'timestamp', 'value_type', 'value']
2026-03-21 20:40:03 [INFO]   Unique value_types: ['humidity', 'temperature', 'P2', 'P1', 'P0']
2026-03-21 20:40:03 [INFO]   Unique locations:   2
2026-03-21 20:40:03 [INFO]   PM rows: 27,152   ENV rows: 18,232
2026-03-21 20:40:03 [INFO]   PM resampled: (3851, 7)   ENV resampled: (3907, 4)
2026-03-21 20:40:03 [INFO]   Wide shape: (4099, 9)
2026-03-21 20:40:03 [INFO]   Missing %%: {'pm25': 0.0, 'pm10': 0.0, 'pm1': 0.0, 'temperature': 0.0, 'humidity': 0.0}
2026-03-21 20:40:03 [INFO]   [pm25] clipped 1 out-of-range values
2026-03-21 20:40:03 [INFO]   [humidity] clipped 1 out-of-range values
2026-03-21 20:40:03 [INFO]   Dropped 1 rows with no PM2.5
2026-03-21 20:40:03 [INFO]   Clean shape: (4098, 10)  spikes: 0
2026-03-21 20:40:04 [INFO] Loaded 4,090 existing records from historical_data.csv
2026-03-21 20:40:04 [WARNING]   DATA DRIFT [pm25]: KS=0.174  p=0.0000
2026-03-21 20:40:04 [WARNING]   DATA DRIFT [pm10]: KS=0.174  p=0.0000
2026-03-21 20:40:04 [WARNING]   DATA DRIFT [temperature]: KS=0.100  p=0.0003
2026-03-21 20:40:04 [WARNING]   DATA DRIFT [humidity]: KS=0.141  p=0.0000
2026-03-21 20:40:04 [INFO] Pipeline complete: {'run_time': '2026-03-21T17:40:04.463110', 'total_rows': 4099, 'new_rows': 9, 'locations': 2, 'pm25_mean': 19.16, 'pm25_std': 19.0, 'spikes': 0}
2026-03-21 20:40:41 [INFO] Downloaded 5,665,209 bytes
2026-03-21 20:40:41 [INFO] Detected delimiter: ';'
2026-03-21 20:40:44 [INFO] Raw shape: (79847, 8)  columns: ['sensor_id', 'sensor_type', 'location', 'lat', 'lon', 'timestamp', 'value_type', 'value']
2026-03-21 20:40:44 [INFO]   Unique value_types: ['humidity', 'temperature', 'P2', 'P1', 'P0']
2026-03-21 20:40:44 [INFO]   Unique locations:   2
2026-03-21 20:40:44 [INFO]   PM rows: 27,152   ENV rows: 18,232
2026-03-21 20:40:45 [INFO]   PM resampled: (3851, 7)   ENV resampled: (3907, 4)
2026-03-21 20:40:45 [INFO]   Wide shape: (4099, 9)
2026-03-21 20:40:45 [INFO]   Missing %%: {'pm25': 0.0, 'pm10': 0.0, 'pm1': 0.0, 'temperature': 0.0, 'humidity': 0.0}
2026-03-21 20:40:45 [INFO]   [pm25] clipped 1 out-of-range values
2026-03-21 20:40:45 [INFO]   [humidity] clipped 1 out-of-range values
2026-03-21 20:40:45 [INFO]   Dropped 1 rows with no PM2.5
2026-03-21 20:40:45 [INFO]   Clean shape: (4098, 10)  spikes: 0
2026-03-21 20:40:45 [INFO] Loaded 4,099 existing records from historical_data.csv
2026-03-21 20:40:45 [WARNING]   DATA DRIFT [pm25]: KS=0.166  p=0.0000
2026-03-21 20:40:45 [WARNING]   DATA DRIFT [pm10]: KS=0.166  p=0.0000
2026-03-21 20:40:45 [WARNING]   DATA DRIFT [temperature]: KS=0.114  p=0.0000
2026-03-21 20:40:45 [WARNING]   DATA DRIFT [humidity]: KS=0.127  p=0.0000
2026-03-21 20:40:46 [INFO] Pipeline complete: {'run_time': '2026-03-21T17:40:46.170063', 'total_rows': 4099, 'new_rows': 0, 'locations': 2, 'pm25_mean': 19.16, 'pm25_std': 19.0, 'spikes': 0}
2026-03-21 20:41:02 [INFO] No new data detected.
2026-03-21 20:42:26 [INFO] No new data detected.
2026-03-21 20:47:57 [INFO] No new data detected.
2026-03-21 20:49:30 [INFO] No new data detected.
2026-03-21 20:54:52 [INFO] No new data detected.
2026-03-21 20:56:14 [INFO] No new data detected.
2026-03-21 21:01:45 [INFO] No new data detected.
2026-03-21 21:02:44 [INFO] No new data detected.
2026-03-21 21:09:05 [INFO] No new data detected.
2026-03-21 21:10:23 [INFO] No new data detected.
2026-03-21 21:17:54 [INFO] No new data detected.
2026-03-21 21:18:34 [INFO] No new data detected.
2026-03-21 21:24:58 [INFO] No new data detected.
2026-03-21 21:25:17 [INFO] No new data detected.
2026-03-21 21:31:54 [INFO] No new data detected.
2026-03-21 21:32:09 [INFO] No new data detected.
2026-03-21 21:39:41 [INFO] No new data detected.
2026-03-21 21:40:23 [INFO] No new data detected.
2026-03-21 21:46:21 [INFO] Pipeline run started
2026-03-21 21:46:21 [INFO] Fetching: https://open.africa/dataset/44359020-b2b0-4b66-af09-3de18d6519dc/resource/d8bb7a86-fef9-4206-9616-3591daff36f1/download/tmp7ac1ezhw.csv
2026-03-21 21:46:24 [INFO] Pipeline run started
2026-03-21 21:46:24 [INFO] Fetching: https://open.africa/dataset/44359020-b2b0-4b66-af09-3de18d6519dc/resource/d8bb7a86-fef9-4206-9616-3591daff36f1/download/tmp7ac1ezhw.csv
2026-03-21 21:46:33 [INFO] Pipeline run started
2026-03-21 21:46:33 [INFO] Fetching: https://open.africa/dataset/44359020-b2b0-4b66-af09-3de18d6519dc/resource/d8bb7a86-fef9-4206-9616-3591daff36f1/download/tmp7ac1ezhw.csv
2026-03-21 21:47:40 [INFO] Pipeline run started
2026-03-21 21:47:40 [INFO] Fetching: https://open.africa/dataset/44359020-b2b0-4b66-af09-3de18d6519dc/resource/d8bb7a86-fef9-4206-9616-3591daff36f1/download/tmp7ac1ezhw.csv
2026-03-21 21:48:30 [INFO] Downloaded 5,681,371 bytes
2026-03-21 21:48:30 [INFO] Detected delimiter: ';'
2026-03-21 21:48:33 [INFO] Raw shape: (80075, 8)  columns: ['sensor_id', 'sensor_type', 'location', 'lat', 'lon', 'timestamp', 'value_type', 'value']
2026-03-21 21:48:33 [INFO]   Unique value_types: ['humidity', 'temperature', 'P2', 'P1', 'P0']
2026-03-21 21:48:33 [INFO]   Unique locations:   2
2026-03-21 21:48:33 [INFO]   PM rows: 27,235   ENV rows: 18,282
2026-03-21 21:48:33 [INFO]   PM resampled: (3863, 7)   ENV resampled: (3919, 4)
2026-03-21 21:48:33 [INFO]   Wide shape: (4111, 9)
2026-03-21 21:48:33 [INFO]   Missing %%: {'pm25': 0.0, 'pm10': 0.0, 'pm1': 0.0, 'temperature': 0.0, 'humidity': 0.0}
2026-03-21 21:48:33 [INFO]   [pm25] clipped 1 out-of-range values
2026-03-21 21:48:33 [INFO]   [humidity] clipped 1 out-of-range values
2026-03-21 21:48:33 [INFO]   Dropped 1 rows with no PM2.5
2026-03-21 21:48:33 [INFO]   Clean shape: (4110, 10)  spikes: 0
2026-03-21 21:48:33 [INFO] Loaded 4,099 existing records from historical_data.csv
2026-03-21 21:48:33 [WARNING]   DATA DRIFT [pm25]: KS=0.166  p=0.0000
2026-03-21 21:48:33 [WARNING]   DATA DRIFT [pm10]: KS=0.166  p=0.0000
2026-03-21 21:48:33 [WARNING]   DATA DRIFT [temperature]: KS=0.112  p=0.0000
2026-03-21 21:48:33 [WARNING]   DATA DRIFT [humidity]: KS=0.127  p=0.0000
2026-03-21 21:48:34 [INFO] Pipeline complete: {'run_time': '2026-03-21T18:48:34.282642', 'total_rows': 4111, 'new_rows': 12, 'locations': 2, 'pm25_mean': 19.14, 'pm25_std': 18.99, 'spikes': 0}
2026-03-21 21:48:41 [INFO] Downloaded 5,681,371 bytes
2026-03-21 21:48:42 [INFO] Detected delimiter: ';'
2026-03-21 21:48:45 [INFO] Raw shape: (80075, 8)  columns: ['sensor_id', 'sensor_type', 'location', 'lat', 'lon', 'timestamp', 'value_type', 'value']
2026-03-21 21:48:45 [INFO]   Unique value_types: ['humidity', 'temperature', 'P2', 'P1', 'P0']
2026-03-21 21:48:45 [INFO]   Unique locations:   2
2026-03-21 21:48:45 [INFO]   PM rows: 27,235   ENV rows: 18,282
2026-03-21 21:48:45 [INFO]   PM resampled: (3863, 7)   ENV resampled: (3919, 4)
2026-03-21 21:48:45 [INFO]   Wide shape: (4111, 9)
2026-03-21 21:48:45 [INFO]   Missing %%: {'pm25': 0.0, 'pm10': 0.0, 'pm1': 0.0, 'temperature': 0.0, 'humidity': 0.0}
2026-03-21 21:48:45 [INFO]   [pm25] clipped 1 out-of-range values
2026-03-21 21:48:45 [INFO]   [humidity] clipped 1 out-of-range values
2026-03-21 21:48:45 [INFO]   Dropped 1 rows with no PM2.5
2026-03-21 21:48:45 [INFO]   Clean shape: (4110, 10)  spikes: 0
2026-03-21 21:48:45 [INFO] Loaded 4,111 existing records from historical_data.csv
2026-03-21 21:48:45 [WARNING]   DATA DRIFT [pm25]: KS=0.154  p=0.0000
2026-03-21 21:48:45 [WARNING]   DATA DRIFT [pm10]: KS=0.154  p=0.0000
2026-03-21 21:48:45 [WARNING]   DATA DRIFT [temperature]: KS=0.112  p=0.0000
2026-03-21 21:48:45 [WARNING]   DATA DRIFT [humidity]: KS=0.118  p=0.0000
2026-03-21 21:48:46 [INFO] Pipeline complete: {'run_time': '2026-03-21T18:48:46.325172', 'total_rows': 4111, 'new_rows': 0, 'locations': 2, 'pm25_mean': 19.14, 'pm25_std': 18.99, 'spikes': 0}
2026-03-21 21:48:46 [INFO] Downloaded 5,681,371 bytes
2026-03-21 21:48:46 [INFO] Detected delimiter: ';'
2026-03-21 21:48:46 [INFO] Cycle complete: Data updated. Model retained (performance OK).
2026-03-21 21:48:48 [INFO] Raw shape: (80075, 8)  columns: ['sensor_id', 'sensor_type', 'location', 'lat', 'lon', 'timestamp', 'value_type', 'value']
2026-03-21 21:48:48 [INFO]   Unique value_types: ['humidity', 'temperature', 'P2', 'P1', 'P0']
2026-03-21 21:48:48 [INFO]   Unique locations:   2
2026-03-21 21:48:48 [INFO]   PM rows: 27,235   ENV rows: 18,282
2026-03-21 21:48:48 [INFO]   PM resampled: (3863, 7)   ENV resampled: (3919, 4)
2026-03-21 21:48:48 [INFO]   Wide shape: (4111, 9)
2026-03-21 21:48:48 [INFO]   Missing %%: {'pm25': 0.0, 'pm10': 0.0, 'pm1': 0.0, 'temperature': 0.0, 'humidity': 0.0}
2026-03-21 21:48:48 [INFO]   [pm25] clipped 1 out-of-range values
2026-03-21 21:48:48 [INFO]   [humidity] clipped 1 out-of-range values
2026-03-21 21:48:48 [INFO]   Dropped 1 rows with no PM2.5
2026-03-21 21:48:48 [INFO]   Clean shape: (4110, 10)  spikes: 0
2026-03-21 21:48:49 [INFO] Loaded 4,111 existing records from historical_data.csv
2026-03-21 21:48:49 [WARNING]   DATA DRIFT [pm25]: KS=0.154  p=0.0000
2026-03-21 21:48:49 [WARNING]   DATA DRIFT [pm10]: KS=0.154  p=0.0000
2026-03-21 21:48:49 [WARNING]   DATA DRIFT [temperature]: KS=0.112  p=0.0000
2026-03-21 21:48:49 [WARNING]   DATA DRIFT [humidity]: KS=0.118  p=0.0000
2026-03-21 21:48:49 [INFO] Pipeline complete: {'run_time': '2026-03-21T18:48:49.715313', 'total_rows': 4111, 'new_rows': 0, 'locations': 2, 'pm25_mean': 19.14, 'pm25_std': 18.99, 'spikes': 0}
2026-03-21 21:49:34 [INFO] Downloaded 5,681,371 bytes
2026-03-21 21:49:34 [INFO] Detected delimiter: ';'
2026-03-21 21:49:37 [INFO] Raw shape: (80075, 8)  columns: ['sensor_id', 'sensor_type', 'location', 'lat', 'lon', 'timestamp', 'value_type', 'value']
2026-03-21 21:49:38 [INFO]   Unique value_types: ['humidity', 'temperature', 'P2', 'P1', 'P0']
2026-03-21 21:49:38 [INFO]   Unique locations:   2
2026-03-21 21:49:38 [INFO]   PM rows: 27,235   ENV rows: 18,282
2026-03-21 21:49:38 [INFO]   PM resampled: (3863, 7)   ENV resampled: (3919, 4)
2026-03-21 21:49:38 [INFO]   Wide shape: (4111, 9)
2026-03-21 21:49:38 [INFO]   Missing %%: {'pm25': 0.0, 'pm10': 0.0, 'pm1': 0.0, 'temperature': 0.0, 'humidity': 0.0}
2026-03-21 21:49:38 [INFO]   [pm25] clipped 1 out-of-range values
2026-03-21 21:49:38 [INFO]   [humidity] clipped 1 out-of-range values
2026-03-21 21:49:38 [INFO]   Dropped 1 rows with no PM2.5
2026-03-21 21:49:38 [INFO]   Clean shape: (4110, 10)  spikes: 0
2026-03-21 21:49:38 [INFO] Loaded 4,111 existing records from historical_data.csv
2026-03-21 21:49:38 [WARNING]   DATA DRIFT [pm25]: KS=0.154  p=0.0000
2026-03-21 21:49:38 [WARNING]   DATA DRIFT [pm10]: KS=0.154  p=0.0000
2026-03-21 21:49:38 [WARNING]   DATA DRIFT [temperature]: KS=0.112  p=0.0000
2026-03-21 21:49:38 [WARNING]   DATA DRIFT [humidity]: KS=0.118  p=0.0000
2026-03-21 21:49:39 [INFO] Pipeline complete: {'run_time': '2026-03-21T18:49:39.166353', 'total_rows': 4111, 'new_rows': 0, 'locations': 2, 'pm25_mean': 19.14, 'pm25_std': 18.99, 'spikes': 0}
2026-03-21 21:49:39 [INFO] Cycle complete: Data updated. Model retained (performance OK).
2026-03-21 21:55:27 [INFO] No new data detected.
2026-03-21 21:56:12 [INFO] No new data detected.
2026-03-21 22:03:26 [INFO] No new data detected.
2026-03-21 22:03:54 [INFO] No new data detected.
2026-03-21 22:09:32 [INFO] No new data detected.
2026-03-21 22:09:43 [INFO] No new data detected.
2026-03-21 22:15:40 [INFO] No new data detected.
2026-03-21 22:15:43 [INFO] No new data detected.
2026-03-21 22:21:08 [INFO] No new data detected.
2026-03-21 22:21:37 [INFO] No new data detected.
2026-03-21 22:27:08 [INFO] No new data detected.
2026-03-21 22:27:29 [INFO] No new data detected.
2026-03-21 22:33:16 [INFO] No new data detected.
2026-03-21 22:33:39 [INFO] No new data detected.
2026-03-21 22:43:34 [INFO] No new data detected.
2026-03-21 22:44:23 [INFO] No new data detected.
2026-03-21 22:50:29 [INFO] No new data detected.
2026-03-21 22:50:35 [INFO] No new data detected.
2026-03-21 22:55:51 [INFO] No new data detected.
2026-03-21 22:56:03 [INFO] No new data detected.
2026-03-21 23:01:17 [INFO] No new data detected.
2026-03-21 23:01:26 [INFO] No new data detected.
2026-03-21 23:06:32 [INFO] No new data detected.
2026-03-21 23:06:52 [INFO] No new data detected.
2026-03-21 23:12:00 [INFO] No new data detected.
2026-03-21 23:12:05 [INFO] No new data detected.
2026-03-21 23:17:19 [INFO] No new data detected.
2026-03-21 23:17:25 [INFO] No new data detected.
2026-03-21 23:22:46 [INFO] No new data detected.
2026-03-21 23:23:07 [INFO] No new data detected.
2026-03-21 23:29:22 [INFO] No new data detected.
2026-03-21 23:29:25 [INFO] No new data detected.
2026-03-21 23:36:10 [INFO] Pipeline run started
2026-03-21 23:36:10 [INFO] Fetching: https://open.africa/dataset/44359020-b2b0-4b66-af09-3de18d6519dc/resource/d8bb7a86-fef9-4206-9616-3591daff36f1/download/tmp7ac1ezhw.csv
2026-03-21 23:36:48 [INFO] Pipeline run started
2026-03-21 23:36:48 [INFO] Fetching: https://open.africa/dataset/44359020-b2b0-4b66-af09-3de18d6519dc/resource/d8bb7a86-fef9-4206-9616-3591daff36f1/download/tmp7ac1ezhw.csv
2026-03-21 23:37:16 [INFO] Pipeline run started
2026-03-21 23:37:16 [INFO] Fetching: https://open.africa/dataset/44359020-b2b0-4b66-af09-3de18d6519dc/resource/d8bb7a86-fef9-4206-9616-3591daff36f1/download/tmp7ac1ezhw.csv
2026-03-21 23:37:23 [INFO] Pipeline run started
2026-03-21 23:37:23 [INFO] Fetching: https://open.africa/dataset/44359020-b2b0-4b66-af09-3de18d6519dc/resource/d8bb7a86-fef9-4206-9616-3591daff36f1/download/tmp7ac1ezhw.csv
2026-03-21 23:37:55 [INFO] Downloaded 5,709,936 bytes
2026-03-21 23:37:55 [INFO] Detected delimiter: ';'
2026-03-21 23:37:58 [INFO] Raw shape: (80483, 8)  columns: ['sensor_id', 'sensor_type', 'location', 'lat', 'lon', 'timestamp', 'value_type', 'value']
2026-03-21 23:37:58 [INFO]   Unique value_types: ['humidity', 'temperature', 'P2', 'P1', 'P0']
2026-03-21 23:37:58 [INFO]   Unique locations:   2
2026-03-21 23:37:58 [INFO]   PM rows: 27,355   ENV rows: 18,368
2026-03-21 23:37:58 [INFO]   PM resampled: (3881, 7)   ENV resampled: (3941, 4)
2026-03-21 23:37:58 [INFO]   Wide shape: (4132, 9)
2026-03-21 23:37:58 [INFO]   Missing %%: {'pm25': 0.0, 'pm10': 0.0, 'pm1': 0.0, 'temperature': 0.0, 'humidity': 0.0}
2026-03-21 23:37:58 [INFO]   [pm25] clipped 1 out-of-range values
2026-03-21 23:37:58 [INFO]   [humidity] clipped 1 out-of-range values
2026-03-21 23:37:58 [INFO]   Dropped 1 rows with no PM2.5
2026-03-21 23:37:58 [INFO]   Clean shape: (4131, 10)  spikes: 0
2026-03-21 23:37:59 [INFO] Loaded 4,111 existing records from historical_data.csv
2026-03-21 23:37:59 [WARNING]   DATA DRIFT [pm25]: KS=0.155  p=0.0000
2026-03-21 23:37:59 [WARNING]   DATA DRIFT [pm10]: KS=0.155  p=0.0000
2026-03-21 23:37:59 [WARNING]   DATA DRIFT [temperature]: KS=0.109  p=0.0000
2026-03-21 23:37:59 [WARNING]   DATA DRIFT [humidity]: KS=0.120  p=0.0000
2026-03-21 23:37:59 [INFO] Pipeline complete: {'run_time': '2026-03-21T20:37:59.432692', 'total_rows': 4132, 'new_rows': 21, 'locations': 2, 'pm25_mean': 19.11, 'pm25_std': 18.97, 'spikes': 0}
2026-03-21 23:37:59 [INFO] Cycle complete: Data updated. Model retained (performance OK).
2026-03-21 23:38:04 [INFO] Downloaded 5,709,936 bytes
2026-03-21 23:38:04 [INFO] Detected delimiter: ';'
2026-03-21 23:38:06 [INFO] Raw shape: (80483, 8)  columns: ['sensor_id', 'sensor_type', 'location', 'lat', 'lon', 'timestamp', 'value_type', 'value']
2026-03-21 23:38:07 [INFO]   Unique value_types: ['humidity', 'temperature', 'P2', 'P1', 'P0']
2026-03-21 23:38:07 [INFO]   Unique locations:   2
2026-03-21 23:38:07 [INFO]   PM rows: 27,355   ENV rows: 18,368
2026-03-21 23:38:07 [INFO]   PM resampled: (3881, 7)   ENV resampled: (3941, 4)
2026-03-21 23:38:07 [INFO]   Wide shape: (4132, 9)
2026-03-21 23:38:07 [INFO]   Missing %%: {'pm25': 0.0, 'pm10': 0.0, 'pm1': 0.0, 'temperature': 0.0, 'humidity': 0.0}
2026-03-21 23:38:07 [INFO]   [pm25] clipped 1 out-of-range values
2026-03-21 23:38:07 [INFO]   [humidity] clipped 1 out-of-range values
2026-03-21 23:38:07 [INFO]   Dropped 1 rows with no PM2.5
2026-03-21 23:38:07 [INFO]   Clean shape: (4131, 10)  spikes: 0
2026-03-21 23:38:07 [INFO] Loaded 4,132 existing records from historical_data.csv
2026-03-21 23:38:07 [WARNING]   DATA DRIFT [pm25]: KS=0.141  p=0.0000
2026-03-21 23:38:07 [WARNING]   DATA DRIFT [pm10]: KS=0.141  p=0.0000
2026-03-21 23:38:07 [WARNING]   DATA DRIFT [temperature]: KS=0.143  p=0.0000
2026-03-21 23:38:07 [WARNING]   DATA DRIFT [humidity]: KS=0.096  p=0.0005
2026-03-21 23:38:07 [INFO] Pipeline complete: {'run_time': '2026-03-21T20:38:07.828486', 'total_rows': 4132, 'new_rows': 0, 'locations': 2, 'pm25_mean': 19.11, 'pm25_std': 18.97, 'spikes': 0}
2026-03-21 23:38:22 [INFO] Downloaded 5,709,936 bytes
2026-03-21 23:38:22 [INFO] Detected delimiter: ';'
2026-03-21 23:38:24 [INFO] Raw shape: (80483, 8)  columns: ['sensor_id', 'sensor_type', 'location', 'lat', 'lon', 'timestamp', 'value_type', 'value']
2026-03-21 23:38:24 [INFO]   Unique value_types: ['humidity', 'temperature', 'P2', 'P1', 'P0']
2026-03-21 23:38:24 [INFO]   Unique locations:   2
2026-03-21 23:38:25 [INFO]   PM rows: 27,355   ENV rows: 18,368
2026-03-21 23:38:25 [INFO]   PM resampled: (3881, 7)   ENV resampled: (3941, 4)
2026-03-21 23:38:25 [INFO]   Wide shape: (4132, 9)
2026-03-21 23:38:25 [INFO]   Missing %%: {'pm25': 0.0, 'pm10': 0.0, 'pm1': 0.0, 'temperature': 0.0, 'humidity': 0.0}
2026-03-21 23:38:25 [INFO]   [pm25] clipped 1 out-of-range values
2026-03-21 23:38:25 [INFO]   [humidity] clipped 1 out-of-range values
2026-03-21 23:38:25 [INFO]   Dropped 1 rows with no PM2.5
2026-03-21 23:38:25 [INFO]   Clean shape: (4131, 10)  spikes: 0
2026-03-21 23:38:25 [INFO] Loaded 4,132 existing records from historical_data.csv
2026-03-21 23:38:25 [WARNING]   DATA DRIFT [pm25]: KS=0.141  p=0.0000
2026-03-21 23:38:25 [WARNING]   DATA DRIFT [pm10]: KS=0.141  p=0.0000
2026-03-21 23:38:25 [WARNING]   DATA DRIFT [temperature]: KS=0.143  p=0.0000
2026-03-21 23:38:25 [WARNING]   DATA DRIFT [humidity]: KS=0.096  p=0.0005
2026-03-21 23:38:25 [INFO] Pipeline complete: {'run_time': '2026-03-21T20:38:25.544144', 'total_rows': 4132, 'new_rows': 0, 'locations': 2, 'pm25_mean': 19.11, 'pm25_std': 18.97, 'spikes': 0}
2026-03-21 23:38:27 [INFO] Downloaded 5,709,936 bytes
2026-03-21 23:38:27 [INFO] Detected delimiter: ';'
2026-03-21 23:38:33 [INFO] Raw shape: (80483, 8)  columns: ['sensor_id', 'sensor_type', 'location', 'lat', 'lon', 'timestamp', 'value_type', 'value']
2026-03-21 23:38:33 [INFO]   Unique value_types: ['humidity', 'temperature', 'P2', 'P1', 'P0']
2026-03-21 23:38:33 [INFO]   Unique locations:   2
2026-03-21 23:38:33 [INFO]   PM rows: 27,355   ENV rows: 18,368
2026-03-21 23:38:34 [INFO]   PM resampled: (3881, 7)   ENV resampled: (3941, 4)
2026-03-21 23:38:34 [INFO]   Wide shape: (4132, 9)
2026-03-21 23:38:34 [INFO]   Missing %%: {'pm25': 0.0, 'pm10': 0.0, 'pm1': 0.0, 'temperature': 0.0, 'humidity': 0.0}
2026-03-21 23:38:34 [INFO]   [pm25] clipped 1 out-of-range values
2026-03-21 23:38:34 [INFO]   [humidity] clipped 1 out-of-range values
2026-03-21 23:38:34 [INFO]   Dropped 1 rows with no PM2.5
2026-03-21 23:38:34 [INFO]   Clean shape: (4131, 10)  spikes: 0
2026-03-21 23:38:34 [INFO] Loaded 4,132 existing records from historical_data.csv
2026-03-21 23:38:34 [WARNING]   DATA DRIFT [pm25]: KS=0.141  p=0.0000
2026-03-21 23:38:34 [WARNING]   DATA DRIFT [pm10]: KS=0.141  p=0.0000
2026-03-21 23:38:34 [WARNING]   DATA DRIFT [temperature]: KS=0.143  p=0.0000
2026-03-21 23:38:34 [WARNING]   DATA DRIFT [humidity]: KS=0.096  p=0.0005
2026-03-21 23:38:35 [INFO] Pipeline complete: {'run_time': '2026-03-21T20:38:34.967883', 'total_rows': 4132, 'new_rows': 0, 'locations': 2, 'pm25_mean': 19.11, 'pm25_std': 18.97, 'spikes': 0}
2026-03-21 23:38:35 [INFO] Cycle complete: Data updated. Model retained (performance OK).
2026-03-21 23:44:57 [INFO] No new data detected.
2026-03-21 23:45:37 [INFO] No new data detected.
2026-03-21 23:50:11 [INFO] No new data detected.
2026-03-21 23:50:57 [INFO] No new data detected.
2026-03-21 23:55:54 [INFO] No new data detected.
2026-03-21 23:56:29 [INFO] No new data detected.
2026-03-22 00:01:49 [INFO] No new data detected.
2026-03-22 00:01:59 [INFO] No new data detected.
2026-03-22 00:07:05 [INFO] No new data detected.
2026-03-22 00:07:18 [INFO] No new data detected.
2026-03-22 00:13:37 [INFO] No new data detected.
2026-03-22 00:13:45 [INFO] No new data detected.
2026-03-22 00:19:35 [INFO] No new data detected.
2026-03-22 00:19:36 [INFO] No new data detected.
2026-03-22 00:25:06 [INFO] No new data detected.
2026-03-22 00:25:09 [INFO] No new data detected.
2026-03-22 00:30:56 [INFO] No new data detected.
2026-03-22 00:31:01 [INFO] No new data detected.
2026-03-22 00:36:12 [INFO] No new data detected.
2026-03-22 00:36:16 [INFO] No new data detected.
2026-03-22 00:41:45 [INFO] No new data detected.
2026-03-22 00:41:58 [INFO] No new data detected.
2026-03-22 00:46:56 [INFO] No new data detected.
2026-03-22 00:47:08 [INFO] No new data detected.
2026-03-22 00:52:56 [INFO] No new data detected.
2026-03-22 00:53:06 [INFO] No new data detected.
2026-03-22 01:00:54 [INFO] Pipeline run started
2026-03-22 01:00:54 [INFO] Fetching: https://open.africa/dataset/44359020-b2b0-4b66-af09-3de18d6519dc/resource/d8bb7a86-fef9-4206-9616-3591daff36f1/download/tmp7ac1ezhw.csv
2026-03-22 01:01:01 [INFO] Pipeline run started
2026-03-22 01:01:01 [INFO] Fetching: https://open.africa/dataset/44359020-b2b0-4b66-af09-3de18d6519dc/resource/d8bb7a86-fef9-4206-9616-3591daff36f1/download/tmp7ac1ezhw.csv
2026-03-22 01:01:11 [INFO] Pipeline run started
2026-03-22 01:01:11 [INFO] Fetching: https://open.africa/dataset/44359020-b2b0-4b66-af09-3de18d6519dc/resource/d8bb7a86-fef9-4206-9616-3591daff36f1/download/tmp7ac1ezhw.csv
2026-03-22 01:01:45 [INFO] Pipeline run started
2026-03-22 01:01:45 [INFO] Fetching: https://open.africa/dataset/44359020-b2b0-4b66-af09-3de18d6519dc/resource/d8bb7a86-fef9-4206-9616-3591daff36f1/download/tmp7ac1ezhw.csv
2026-03-22 01:02:23 [INFO] Downloaded 5,726,158 bytes
2026-03-22 01:02:23 [INFO] Detected delimiter: ';'
2026-03-22 01:02:26 [INFO] Raw shape: (80717, 8)  columns: ['sensor_id', 'sensor_type', 'location', 'lat', 'lon', 'timestamp', 'value_type', 'value']
2026-03-22 01:02:26 [INFO]   Unique value_types: ['humidity', 'temperature', 'P2', 'P1', 'P0']
2026-03-22 01:02:26 [INFO]   Unique locations:   2
2026-03-22 01:02:26 [INFO]   PM rows: 27,418   ENV rows: 18,410
2026-03-22 01:02:26 [INFO]   PM resampled: (3889, 7)   ENV resampled: (3948, 4)
2026-03-22 01:02:26 [INFO]   Wide shape: (4140, 9)
2026-03-22 01:02:26 [INFO]   Missing %%: {'pm25': 0.0, 'pm10': 0.0, 'pm1': 0.0, 'temperature': 0.0, 'humidity': 0.0}
2026-03-22 01:02:26 [INFO]   [pm25] clipped 1 out-of-range values
2026-03-22 01:02:26 [INFO]   [humidity] clipped 1 out-of-range values
2026-03-22 01:02:26 [INFO]   Dropped 1 rows with no PM2.5
2026-03-22 01:02:26 [INFO]   Clean shape: (4139, 10)  spikes: 0
2026-03-22 01:02:26 [INFO] Loaded 4,132 existing records from historical_data.csv
2026-03-22 01:02:26 [WARNING]   DATA DRIFT [pm25]: KS=0.140  p=0.0000
2026-03-22 01:02:26 [WARNING]   DATA DRIFT [pm10]: KS=0.140  p=0.0000
2026-03-22 01:02:26 [WARNING]   DATA DRIFT [temperature]: KS=0.142  p=0.0000
2026-03-22 01:02:26 [WARNING]   DATA DRIFT [humidity]: KS=0.096  p=0.0005
2026-03-22 01:02:27 [INFO] Pipeline complete: {'run_time': '2026-03-21T22:02:27.134930', 'total_rows': 4140, 'new_rows': 8, 'locations': 2, 'pm25_mean': 19.13, 'pm25_std': 18.96, 'spikes': 0}
2026-03-22 01:02:29 [INFO] Downloaded 5,726,158 bytes
2026-03-22 01:02:29 [INFO] Detected delimiter: ';'
2026-03-22 01:02:36 [INFO] Raw shape: (80717, 8)  columns: ['sensor_id', 'sensor_type', 'location', 'lat', 'lon', 'timestamp', 'value_type', 'value']
2026-03-22 01:02:37 [INFO]   Unique value_types: ['humidity', 'temperature', 'P2', 'P1', 'P0']
2026-03-22 01:02:37 [INFO]   Unique locations:   2
2026-03-22 01:02:37 [INFO]   PM rows: 27,418   ENV rows: 18,410
2026-03-22 01:02:37 [INFO]   PM resampled: (3889, 7)   ENV resampled: (3948, 4)
2026-03-22 01:02:38 [INFO]   Wide shape: (4140, 9)
2026-03-22 01:02:38 [INFO]   Missing %%: {'pm25': 0.0, 'pm10': 0.0, 'pm1': 0.0, 'temperature': 0.0, 'humidity': 0.0}
2026-03-22 01:02:38 [INFO]   [pm25] clipped 1 out-of-range values
2026-03-22 01:02:38 [INFO]   [humidity] clipped 1 out-of-range values
2026-03-22 01:02:38 [INFO]   Dropped 1 rows with no PM2.5
2026-03-22 01:02:38 [INFO]   Clean shape: (4139, 10)  spikes: 0
2026-03-22 01:02:41 [INFO] Loaded 4,140 existing records from historical_data.csv
2026-03-22 01:02:42 [WARNING]   DATA DRIFT [pm25]: KS=0.140  p=0.0000
2026-03-22 01:02:42 [WARNING]   DATA DRIFT [pm10]: KS=0.140  p=0.0000
2026-03-22 01:02:42 [WARNING]   DATA DRIFT [temperature]: KS=0.158  p=0.0000
2026-03-22 01:02:43 [WARNING]   DATA DRIFT [humidity]: KS=0.088  p=0.0018
2026-03-22 01:02:47 [INFO] Downloaded 5,726,158 bytes
2026-03-22 01:02:47 [INFO] Detected delimiter: ';'
2026-03-22 01:02:47 [INFO] Pipeline complete: {'run_time': '2026-03-21T22:02:47.625100', 'total_rows': 4140, 'new_rows': 0, 'locations': 2, 'pm25_mean': 19.13, 'pm25_std': 18.96, 'spikes': 0}
2026-03-22 01:02:48 [INFO] Cycle complete: Data updated. Model retained (performance OK).
2026-03-22 01:02:49 [INFO] Downloaded 5,726,158 bytes
2026-03-22 01:02:49 [INFO] Detected delimiter: ';'
2026-03-22 01:02:53 [INFO] Raw shape: (80717, 8)  columns: ['sensor_id', 'sensor_type', 'location', 'lat', 'lon', 'timestamp', 'value_type', 'value']
2026-03-22 01:02:53 [INFO]   Unique value_types: ['humidity', 'temperature', 'P2', 'P1', 'P0']
2026-03-22 01:02:53 [INFO]   Unique locations:   2
2026-03-22 01:02:53 [INFO]   PM rows: 27,418   ENV rows: 18,410
2026-03-22 01:02:53 [INFO]   PM resampled: (3889, 7)   ENV resampled: (3948, 4)
2026-03-22 01:02:53 [INFO]   Wide shape: (4140, 9)
2026-03-22 01:02:53 [INFO]   Missing %%: {'pm25': 0.0, 'pm10': 0.0, 'pm1': 0.0, 'temperature': 0.0, 'humidity': 0.0}
2026-03-22 01:02:53 [INFO]   [pm25] clipped 1 out-of-range values
2026-03-22 01:02:53 [INFO]   [humidity] clipped 1 out-of-range values
2026-03-22 01:02:53 [INFO]   Dropped 1 rows with no PM2.5
2026-03-22 01:02:53 [INFO]   Clean shape: (4139, 10)  spikes: 0
2026-03-22 01:02:53 [INFO] Raw shape: (80717, 8)  columns: ['sensor_id', 'sensor_type', 'location', 'lat', 'lon', 'timestamp', 'value_type', 'value']
2026-03-22 01:02:53 [INFO] Loaded 4,140 existing records from historical_data.csv
2026-03-22 01:02:53 [WARNING]   DATA DRIFT [pm25]: KS=0.140  p=0.0000
2026-03-22 01:02:53 [WARNING]   DATA DRIFT [pm10]: KS=0.140  p=0.0000
2026-03-22 01:02:53 [WARNING]   DATA DRIFT [temperature]: KS=0.158  p=0.0000
2026-03-22 01:02:53 [WARNING]   DATA DRIFT [humidity]: KS=0.088  p=0.0018
2026-03-22 01:02:53 [INFO]   Unique value_types: ['humidity', 'temperature', 'P2', 'P1', 'P0']
2026-03-22 01:02:53 [INFO]   Unique locations:   2
2026-03-22 01:02:53 [INFO]   PM rows: 27,418   ENV rows: 18,410
2026-03-22 01:02:54 [INFO]   PM resampled: (3889, 7)   ENV resampled: (3948, 4)
2026-03-22 01:02:54 [INFO]   Wide shape: (4140, 9)
2026-03-22 01:02:54 [INFO]   Missing %%: {'pm25': 0.0, 'pm10': 0.0, 'pm1': 0.0, 'temperature': 0.0, 'humidity': 0.0}
2026-03-22 01:02:54 [INFO]   [pm25] clipped 1 out-of-range values
2026-03-22 01:02:54 [INFO]   [humidity] clipped 1 out-of-range values
2026-03-22 01:02:54 [INFO]   Dropped 1 rows with no PM2.5
2026-03-22 01:02:54 [INFO] Pipeline complete: {'run_time': '2026-03-21T22:02:54.048318', 'total_rows': 4140, 'new_rows': 0, 'locations': 2, 'pm25_mean': 19.13, 'pm25_std': 18.96, 'spikes': 0}
2026-03-22 01:02:54 [INFO]   Clean shape: (4139, 10)  spikes: 0
2026-03-22 01:02:54 [INFO] Loaded 4,140 existing records from historical_data.csv
2026-03-22 01:02:54 [WARNING]   DATA DRIFT [pm25]: KS=0.140  p=0.0000
2026-03-22 01:02:54 [WARNING]   DATA DRIFT [pm10]: KS=0.140  p=0.0000
2026-03-22 01:02:54 [WARNING]   DATA DRIFT [temperature]: KS=0.158  p=0.0000
2026-03-22 01:02:54 [WARNING]   DATA DRIFT [humidity]: KS=0.088  p=0.0018
2026-03-22 01:02:54 [INFO] Cycle complete: Data updated. Model retained (performance OK).
2026-03-22 01:02:55 [INFO] Pipeline complete: {'run_time': '2026-03-21T22:02:54.982315', 'total_rows': 4140, 'new_rows': 0, 'locations': 2, 'pm25_mean': 19.13, 'pm25_std': 18.96, 'spikes': 0}
2026-03-22 01:09:25 [INFO] No new data detected.
2026-03-22 01:09:42 [INFO] No new data detected.
2026-03-22 01:16:05 [INFO] No new data detected.
2026-03-22 01:16:23 [INFO] No new data detected.
2026-03-22 01:21:31 [INFO] No new data detected.
2026-03-22 01:21:46 [INFO] No new data detected.
2026-03-22 01:28:31 [INFO] No new data detected.
2026-03-22 01:29:07 [INFO] No new data detected.
2026-03-22 01:34:32 [INFO] No new data detected.
2026-03-22 01:34:48 [INFO] No new data detected.
2026-03-22 01:40:06 [INFO] No new data detected.
2026-03-22 01:40:07 [INFO] No new data detected.
2026-03-22 01:45:54 [INFO] No new data detected.
2026-03-22 01:46:06 [INFO] No new data detected.
2026-03-22 17:23:34 [INFO] Pipeline run started
2026-03-22 17:23:34 [INFO] Fetching: https://open.africa/dataset/44359020-b2b0-4b66-af09-3de18d6519dc/resource/d8bb7a86-fef9-4206-9616-3591daff36f1/download/tmp7ac1ezhw.csv
2026-03-22 17:23:43 [INFO] Pipeline run started
2026-03-22 17:23:43 [INFO] Fetching: https://open.africa/dataset/44359020-b2b0-4b66-af09-3de18d6519dc/resource/d8bb7a86-fef9-4206-9616-3591daff36f1/download/tmp7ac1ezhw.csv
2026-03-22 17:24:07 [INFO] Pipeline run started
2026-03-22 17:24:07 [INFO] Fetching: https://open.africa/dataset/44359020-b2b0-4b66-af09-3de18d6519dc/resource/d8bb7a86-fef9-4206-9616-3591daff36f1/download/tmp7ac1ezhw.csv
2026-03-22 17:24:10 [INFO] Pipeline run started
2026-03-22 17:24:10 [INFO] Fetching: https://open.africa/dataset/44359020-b2b0-4b66-af09-3de18d6519dc/resource/d8bb7a86-fef9-4206-9616-3591daff36f1/download/tmp7ac1ezhw.csv
2026-03-22 17:24:25 [INFO] Downloaded 5,900,895 bytes
2026-03-22 17:24:25 [INFO] Detected delimiter: ';'
2026-03-22 17:24:25 [INFO] Downloaded 5,900,895 bytes
2026-03-22 17:24:25 [INFO] Detected delimiter: ';'
2026-03-22 17:24:29 [INFO] Raw shape: (83186, 8)  columns: ['sensor_id', 'sensor_type', 'location', 'lat', 'lon', 'timestamp', 'value_type', 'value']
2026-03-22 17:24:29 [INFO] Raw shape: (83186, 8)  columns: ['sensor_id', 'sensor_type', 'location', 'lat', 'lon', 'timestamp', 'value_type', 'value']
2026-03-22 17:24:29 [INFO]   Unique value_types: ['humidity', 'temperature', 'P2', 'P1', 'P0']
2026-03-22 17:24:29 [INFO]   Unique locations:   2
2026-03-22 17:24:29 [INFO]   PM rows: 28,268   ENV rows: 18,992
2026-03-22 17:24:29 [INFO]   Unique value_types: ['humidity', 'temperature', 'P2', 'P1', 'P0']
2026-03-22 17:24:29 [INFO]   Unique locations:   2
2026-03-22 17:24:29 [INFO]   PM resampled: (4004, 7)   ENV resampled: (4067, 4)
2026-03-22 17:24:29 [INFO]   PM rows: 28,268   ENV rows: 18,992
2026-03-22 17:24:29 [INFO]   Wide shape: (4261, 9)
2026-03-22 17:24:29 [INFO]   Missing %%: {'pm25': 0.0, 'pm10': 0.0, 'pm1': 0.0, 'temperature': 0.0, 'humidity': 0.0}
2026-03-22 17:24:29 [INFO]   [pm25] clipped 1 out-of-range values
2026-03-22 17:24:29 [INFO]   [humidity] clipped 1 out-of-range values
2026-03-22 17:24:29 [INFO]   Dropped 1 rows with no PM2.5
2026-03-22 17:24:29 [INFO]   Clean shape: (4260, 10)  spikes: 0
2026-03-22 17:24:29 [INFO]   PM resampled: (4004, 7)   ENV resampled: (4067, 4)
2026-03-22 17:24:29 [INFO]   Wide shape: (4261, 9)
2026-03-22 17:24:29 [INFO]   Missing %%: {'pm25': 0.0, 'pm10': 0.0, 'pm1': 0.0, 'temperature': 0.0, 'humidity': 0.0}
2026-03-22 17:24:29 [INFO] Loaded 4,140 existing records from historical_data.csv
2026-03-22 17:24:29 [INFO]   [pm25] clipped 1 out-of-range values
2026-03-22 17:24:29 [WARNING]   DATA DRIFT [pm25]: KS=0.140  p=0.0000
2026-03-22 17:24:29 [INFO]   [humidity] clipped 1 out-of-range values
2026-03-22 17:24:29 [INFO]   Dropped 1 rows with no PM2.5
2026-03-22 17:24:29 [WARNING]   DATA DRIFT [pm10]: KS=0.140  p=0.0000
2026-03-22 17:24:29 [WARNING]   DATA DRIFT [temperature]: KS=0.157  p=0.0000
2026-03-22 17:24:29 [INFO]   Clean shape: (4260, 10)  spikes: 0
2026-03-22 17:24:29 [WARNING]   DATA DRIFT [humidity]: KS=0.087  p=0.0020
2026-03-22 17:24:30 [INFO] Loaded 4,140 existing records from historical_data.csv
2026-03-22 17:24:30 [WARNING]   DATA DRIFT [pm25]: KS=0.140  p=0.0000
2026-03-22 17:24:30 [WARNING]   DATA DRIFT [pm10]: KS=0.140  p=0.0000
2026-03-22 17:24:30 [WARNING]   DATA DRIFT [temperature]: KS=0.157  p=0.0000
2026-03-22 17:24:30 [WARNING]   DATA DRIFT [humidity]: KS=0.087  p=0.0020
2026-03-22 17:24:30 [INFO] Pipeline complete: {'run_time': '2026-03-22T14:24:30.606319', 'total_rows': 4261, 'new_rows': 121, 'locations': 2, 'pm25_mean': 18.78, 'pm25_std': 18.84, 'spikes': 0}
2026-03-22 17:24:30 [INFO] Pipeline complete: {'run_time': '2026-03-22T14:24:30.719317', 'total_rows': 4261, 'new_rows': 121, 'locations': 2, 'pm25_mean': 18.78, 'pm25_std': 18.84, 'spikes': 0}
2026-03-22 17:24:33 [INFO] Downloaded 5,900,895 bytes
2026-03-22 17:24:33 [INFO] Detected delimiter: ';'
2026-03-22 17:24:36 [INFO] Raw shape: (83186, 8)  columns: ['sensor_id', 'sensor_type', 'location', 'lat', 'lon', 'timestamp', 'value_type', 'value']
2026-03-22 17:24:37 [INFO]   Unique value_types: ['humidity', 'temperature', 'P2', 'P1', 'P0']
2026-03-22 17:24:37 [INFO]   Unique locations:   2
2026-03-22 17:24:37 [INFO]   PM rows: 28,268   ENV rows: 18,992
2026-03-22 17:24:37 [INFO]   PM resampled: (4004, 7)   ENV resampled: (4067, 4)
2026-03-22 17:24:37 [INFO]   Wide shape: (4261, 9)
2026-03-22 17:24:37 [INFO]   Missing %%: {'pm25': 0.0, 'pm10': 0.0, 'pm1': 0.0, 'temperature': 0.0, 'humidity': 0.0}
2026-03-22 17:24:37 [INFO]   [pm25] clipped 1 out-of-range values
2026-03-22 17:24:37 [INFO]   [humidity] clipped 1 out-of-range values
2026-03-22 17:24:37 [INFO]   Dropped 1 rows with no PM2.5
2026-03-22 17:24:37 [INFO]   Clean shape: (4260, 10)  spikes: 0
2026-03-22 17:24:37 [INFO] Loaded 4,261 existing records from historical_data.csv
2026-03-22 17:24:37 [WARNING]   DATA DRIFT [pm25]: KS=0.124  p=0.0000
2026-03-22 17:24:37 [WARNING]   DATA DRIFT [pm10]: KS=0.123  p=0.0000
2026-03-22 17:24:37 [WARNING]   DATA DRIFT [temperature]: KS=0.156  p=0.0000
2026-03-22 17:24:37 [INFO] Pipeline complete: {'run_time': '2026-03-22T14:24:37.806065', 'total_rows': 4261, 'new_rows': 0, 'locations': 2, 'pm25_mean': 18.78, 'pm25_std': 18.84, 'spikes': 0}
2026-03-22 17:24:37 [INFO] Cycle complete: Data updated. Model retained (performance OK).
2026-03-22 17:24:48 [INFO] Downloaded 5,900,895 bytes
2026-03-22 17:24:48 [INFO] Detected delimiter: ';'
2026-03-22 17:24:52 [INFO] Raw shape: (83186, 8)  columns: ['sensor_id', 'sensor_type', 'location', 'lat', 'lon', 'timestamp', 'value_type', 'value']
2026-03-22 17:24:52 [INFO]   Unique value_types: ['humidity', 'temperature', 'P2', 'P1', 'P0']
2026-03-22 17:24:52 [INFO]   Unique locations:   2
2026-03-22 17:24:52 [INFO]   PM rows: 28,268   ENV rows: 18,992
2026-03-22 17:24:52 [INFO]   PM resampled: (4004, 7)   ENV resampled: (4067, 4)
2026-03-22 17:24:52 [INFO]   Wide shape: (4261, 9)
2026-03-22 17:24:52 [INFO]   Missing %%: {'pm25': 0.0, 'pm10': 0.0, 'pm1': 0.0, 'temperature': 0.0, 'humidity': 0.0}
2026-03-22 17:24:52 [INFO]   [pm25] clipped 1 out-of-range values
2026-03-22 17:24:52 [INFO]   [humidity] clipped 1 out-of-range values
2026-03-22 17:24:52 [INFO]   Dropped 1 rows with no PM2.5
2026-03-22 17:24:52 [INFO]   Clean shape: (4260, 10)  spikes: 0
2026-03-22 17:24:52 [INFO] Loaded 4,261 existing records from historical_data.csv
2026-03-22 17:24:52 [WARNING]   DATA DRIFT [pm25]: KS=0.124  p=0.0000
2026-03-22 17:24:52 [WARNING]   DATA DRIFT [pm10]: KS=0.123  p=0.0000
2026-03-22 17:24:52 [WARNING]   DATA DRIFT [temperature]: KS=0.156  p=0.0000
2026-03-22 17:24:53 [INFO] Pipeline complete: {'run_time': '2026-03-22T14:24:53.018791', 'total_rows': 4261, 'new_rows': 0, 'locations': 2, 'pm25_mean': 18.78, 'pm25_std': 18.84, 'spikes': 0}
2026-03-22 17:24:53 [INFO] Cycle complete: Data updated. Model retained (performance OK).
2026-03-22 17:30:33 [INFO] No new data detected.
2026-03-22 17:30:33 [INFO] No new data detected.
2026-03-22 17:36:23 [INFO] No new data detected.
2026-03-22 17:36:38 [INFO] No new data detected.
2026-03-22 17:42:37 [INFO] No new data detected.
2026-03-22 17:43:04 [INFO] No new data detected.
2026-03-22 17:48:30 [INFO] No new data detected.
2026-03-22 17:49:00 [INFO] No new data detected.
2026-03-22 17:53:42 [INFO] No new data detected.
2026-03-22 17:54:32 [INFO] No new data detected.
2026-03-22 17:59:49 [INFO] No new data detected.
2026-03-22 18:00:30 [INFO] No new data detected.
